The system is: Linux - 5.19.12-hardened1-1-hardened - x86_64
Compiling the C compiler identification source file "CMakeCCompilerId.c" succeeded.
Compiler: /usr/bin/cc 
Build flags: ;-ffunction-sections;-fdata-sections;-fPIC;-m64
Id flags:  

The output was:
0


Compilation of the C compiler identification source "CMakeCCompilerId.c" produced "a.out"

The C compiler identification is GNU, found in "/home/morpheus/src/repos/BingoChado/GeorgeLink/client/target/debug/build/fltk-sys-c5ccceb078dc21ed/out/build/CMakeFiles/3.24.2/CompilerIdC/a.out"

Compiling the CXX compiler identification source file "CMakeCXXCompilerId.cpp" succeeded.
Compiler: /usr/bin/c++ 
Build flags: ;-ffunction-sections;-fdata-sections;-fPIC;-m64
Id flags:  

The output was:
0


Compilation of the CXX compiler identification source "CMakeCXXCompilerId.cpp" produced "a.out"

The CXX compiler identification is GNU, found in "/home/morpheus/src/repos/BingoChado/GeorgeLink/client/target/debug/build/fltk-sys-c5ccceb078dc21ed/out/build/CMakeFiles/3.24.2/CompilerIdCXX/a.out"

Detecting C compiler ABI info compiled with the following output:
Change Dir: /home/morpheus/src/repos/BingoChado/GeorgeLink/client/target/debug/build/fltk-sys-c5ccceb078dc21ed/out/build/CMakeFiles/CMakeTmp

Run Build Command(s):/usr/bin/make -f Makefile cmTC_77b75/fast && /usr/bin/make  -f CMakeFiles/cmTC_77b75.dir/build.make CMakeFiles/cmTC_77b75.dir/build
make[1]: Entering directory '/home/morpheus/src/repos/BingoChado/GeorgeLink/client/target/debug/build/fltk-sys-c5ccceb078dc21ed/out/build/CMakeFiles/CMakeTmp'
Building C object CMakeFiles/cmTC_77b75.dir/CMakeCCompilerABI.c.o
/usr/bin/cc   -ffunction-sections -fdata-sections -fPIC -m64    -v -o CMakeFiles/cmTC_77b75.dir/CMakeCCompilerABI.c.o -c /usr/share/cmake/Modules/CMakeCCompilerABI.c
Using built-in specs.
COLLECT_GCC=/usr/bin/cc
Target: x86_64-pc-linux-gnu
Configured with: /build/gcc/src/gcc/configure --enable-languages=c,c++,ada,fortran,go,lto,objc,obj-c++,d --enable-bootstrap --prefix=/usr --libdir=/usr/lib --libexecdir=/usr/lib --mandir=/usr/share/man --infodir=/usr/share/info --with-bugurl=https://bugs.archlinux.org/ --with-build-config=bootstrap-lto --with-linker-hash-style=gnu --with-system-zlib --enable-__cxa_atexit --enable-cet=auto --enable-checking=release --enable-clocale=gnu --enable-default-pie --enable-default-ssp --enable-gnu-indirect-function --enable-gnu-unique-object --enable-libstdcxx-backtrace --enable-link-serialization=1 --enable-linker-build-id --enable-lto --enable-multilib --enable-plugin --enable-shared --enable-threads=posix --disable-libssp --disable-libstdcxx-pch --disable-werror
Thread model: posix
Supported LTO compression algorithms: zlib zstd
gcc version 12.2.0 (GCC) 
COLLECT_GCC_OPTIONS='-ffunction-sections' '-fdata-sections' '-fPIC' '-m64' '-v' '-o' 'CMakeFiles/cmTC_77b75.dir/CMakeCCompilerABI.c.o' '-c' '-mtune=generic' '-march=x86-64' '-dumpdir' 'CMakeFiles/cmTC_77b75.dir/'
 /usr/lib/gcc/x86_64-pc-linux-gnu/12.2.0/cc1 -quiet -v /usr/share/cmake/Modules/CMakeCCompilerABI.c -quiet -dumpdir CMakeFiles/cmTC_77b75.dir/ -dumpbase CMakeCCompilerABI.c.c -dumpbase-ext .c -m64 -mtune=generic -march=x86-64 -version -ffunction-sections -fdata-sections -fPIC -o /tmp/cc9RS28q.s
GNU C17 (GCC) version 12.2.0 (x86_64-pc-linux-gnu)
	compiled by GNU C version 12.2.0, GMP version 6.2.1, MPFR version 4.1.0-p13, MPC version 1.2.1, isl version isl-0.25-GMP

GGC heuristics: --param ggc-min-expand=100 --param ggc-min-heapsize=131072
ignoring nonexistent directory "/usr/lib/gcc/x86_64-pc-linux-gnu/12.2.0/../../../../x86_64-pc-linux-gnu/include"
#include "..." search starts here:
#include <...> search starts here:
 /usr/lib/gcc/x86_64-pc-linux-gnu/12.2.0/include
 /usr/local/include
 /usr/lib/gcc/x86_64-pc-linux-gnu/12.2.0/include-fixed
 /usr/include
End of search list.
GNU C17 (GCC) version 12.2.0 (x86_64-pc-linux-gnu)
	compiled by GNU C version 12.2.0, GMP version 6.2.1, MPFR version 4.1.0-p13, MPC version 1.2.1, isl version isl-0.25-GMP

GGC heuristics: --param ggc-min-expand=100 --param ggc-min-heapsize=131072
Compiler executable checksum: 4b798a352742e8322eaa4a166b8f6299
COLLECT_GCC_OPTIONS='-ffunction-sections' '-fdata-sections' '-fPIC' '-m64' '-v' '-o' 'CMakeFiles/cmTC_77b75.dir/CMakeCCompilerABI.c.o' '-c' '-mtune=generic' '-march=x86-64' '-dumpdir' 'CMakeFiles/cmTC_77b75.dir/'
 as -v --64 -o CMakeFiles/cmTC_77b75.dir/CMakeCCompilerABI.c.o /tmp/cc9RS28q.s
GNU assembler version 2.39.0 (x86_64-pc-linux-gnu) using BFD version (GNU Binutils) 2.39.0
COMPILER_PATH=/usr/lib/gcc/x86_64-pc-linux-gnu/12.2.0/:/usr/lib/gcc/x86_64-pc-linux-gnu/12.2.0/:/usr/lib/gcc/x86_64-pc-linux-gnu/:/usr/lib/gcc/x86_64-pc-linux-gnu/12.2.0/:/usr/lib/gcc/x86_64-pc-linux-gnu/
LIBRARY_PATH=/usr/lib/gcc/x86_64-pc-linux-gnu/12.2.0/:/usr/lib/gcc/x86_64-pc-linux-gnu/12.2.0/../../../../lib/:/lib/../lib/:/usr/lib/../lib/:/usr/lib/gcc/x86_64-pc-linux-gnu/12.2.0/../../../:/lib/:/usr/lib/
COLLECT_GCC_OPTIONS='-ffunction-sections' '-fdata-sections' '-fPIC' '-m64' '-v' '-o' 'CMakeFiles/cmTC_77b75.dir/CMakeCCompilerABI.c.o' '-c' '-mtune=generic' '-march=x86-64' '-dumpdir' 'CMakeFiles/cmTC_77b75.dir/CMakeCCompilerABI.c.'
Linking C executable cmTC_77b75
/usr/bin/cmake -E cmake_link_script CMakeFiles/cmTC_77b75.dir/link.txt --verbose=1
/usr/bin/cc  -ffunction-sections -fdata-sections -fPIC -m64   -v -rdynamic CMakeFiles/cmTC_77b75.dir/CMakeCCompilerABI.c.o -o cmTC_77b75 
Using built-in specs.
COLLECT_GCC=/usr/bin/cc
COLLECT_LTO_WRAPPER=/usr/lib/gcc/x86_64-pc-linux-gnu/12.2.0/lto-wrapper
Target: x86_64-pc-linux-gnu
Configured with: /build/gcc/src/gcc/configure --enable-languages=c,c++,ada,fortran,go,lto,objc,obj-c++,d --enable-bootstrap --prefix=/usr --libdir=/usr/lib --libexecdir=/usr/lib --mandir=/usr/share/man --infodir=/usr/share/info --with-bugurl=https://bugs.archlinux.org/ --with-build-config=bootstrap-lto --with-linker-hash-style=gnu --with-system-zlib --enable-__cxa_atexit --enable-cet=auto --enable-checking=release --enable-clocale=gnu --enable-default-pie --enable-default-ssp --enable-gnu-indirect-function --enable-gnu-unique-object --enable-libstdcxx-backtrace --enable-link-serialization=1 --enable-linker-build-id --enable-lto --enable-multilib --enable-plugin --enable-shared --enable-threads=posix --disable-libssp --disable-libstdcxx-pch --disable-werror
Thread model: posix
Supported LTO compression algorithms: zlib zstd
gcc version 12.2.0 (GCC) 
COMPILER_PATH=/usr/lib/gcc/x86_64-pc-linux-gnu/12.2.0/:/usr/lib/gcc/x86_64-pc-linux-gnu/12.2.0/:/usr/lib/gcc/x86_64-pc-linux-gnu/:/usr/lib/gcc/x86_64-pc-linux-gnu/12.2.0/:/usr/lib/gcc/x86_64-pc-linux-gnu/
LIBRARY_PATH=/usr/lib/gcc/x86_64-pc-linux-gnu/12.2.0/:/usr/lib/gcc/x86_64-pc-linux-gnu/12.2.0/../../../../lib/:/lib/../lib/:/usr/lib/../lib/:/usr/lib/gcc/x86_64-pc-linux-gnu/12.2.0/../../../:/lib/:/usr/lib/
COLLECT_GCC_OPTIONS='-ffunction-sections' '-fdata-sections' '-fPIC' '-m64' '-v' '-rdynamic' '-o' 'cmTC_77b75' '-mtune=generic' '-march=x86-64' '-dumpdir' 'cmTC_77b75.'
 /usr/lib/gcc/x86_64-pc-linux-gnu/12.2.0/collect2 -plugin /usr/lib/gcc/x86_64-pc-linux-gnu/12.2.0/liblto_plugin.so -plugin-opt=/usr/lib/gcc/x86_64-pc-linux-gnu/12.2.0/lto-wrapper -plugin-opt=-fresolution=/tmp/ccoVfHS0.res -plugin-opt=-pass-through=-lgcc -plugin-opt=-pass-through=-lgcc_s -plugin-opt=-pass-through=-lc -plugin-opt=-pass-through=-lgcc -plugin-opt=-pass-through=-lgcc_s --build-id --eh-frame-hdr --hash-style=gnu -m elf_x86_64 -export-dynamic -dynamic-linker /lib64/ld-linux-x86-64.so.2 -pie -o cmTC_77b75 /usr/lib/gcc/x86_64-pc-linux-gnu/12.2.0/../../../../lib/Scrt1.o /usr/lib/gcc/x86_64-pc-linux-gnu/12.2.0/../../../../lib/crti.o /usr/lib/gcc/x86_64-pc-linux-gnu/12.2.0/crtbeginS.o -L/usr/lib/gcc/x86_64-pc-linux-gnu/12.2.0 -L/usr/lib/gcc/x86_64-pc-linux-gnu/12.2.0/../../../../lib -L/lib/../lib -L/usr/lib/../lib -L/usr/lib/gcc/x86_64-pc-linux-gnu/12.2.0/../../.. CMakeFiles/cmTC_77b75.dir/CMakeCCompilerABI.c.o -lgcc --push-state --as-needed -lgcc_s --pop-state -lc -lgcc --push-state --as-needed -lgcc_s --pop-state /usr/lib/gcc/x86_64-pc-linux-gnu/12.2.0/crtendS.o /usr/lib/gcc/x86_64-pc-linux-gnu/12.2.0/../../../../lib/crtn.o
COLLECT_GCC_OPTIONS='-ffunction-sections' '-fdata-sections' '-fPIC' '-m64' '-v' '-rdynamic' '-o' 'cmTC_77b75' '-mtune=generic' '-march=x86-64' '-dumpdir' 'cmTC_77b75.'
make[1]: Leaving directory '/home/morpheus/src/repos/BingoChado/GeorgeLink/client/target/debug/build/fltk-sys-c5ccceb078dc21ed/out/build/CMakeFiles/CMakeTmp'



Parsed C implicit include dir info from above output: rv=done
  found start of include info
  found start of implicit include info
    add: [/usr/lib/gcc/x86_64-pc-linux-gnu/12.2.0/include]
    add: [/usr/local/include]
    add: [/usr/lib/gcc/x86_64-pc-linux-gnu/12.2.0/include-fixed]
    add: [/usr/include]
  end of search list found
  collapse include dir [/usr/lib/gcc/x86_64-pc-linux-gnu/12.2.0/include] ==> [/usr/lib/gcc/x86_64-pc-linux-gnu/12.2.0/include]
  collapse include dir [/usr/local/include] ==> [/usr/local/include]
  collapse include dir [/usr/lib/gcc/x86_64-pc-linux-gnu/12.2.0/include-fixed] ==> [/usr/lib/gcc/x86_64-pc-linux-gnu/12.2.0/include-fixed]
  collapse include dir [/usr/include] ==> [/usr/include]
  implicit include dirs: [/usr/lib/gcc/x86_64-pc-linux-gnu/12.2.0/include;/usr/local/include;/usr/lib/gcc/x86_64-pc-linux-gnu/12.2.0/include-fixed;/usr/include]


Parsed C implicit link information from above output:
  link line regex: [^( *|.*[/\])(ld|CMAKE_LINK_STARTFILE-NOTFOUND|([^/\]+-)?ld|collect2)[^/\]*( |$)]
  ignore line: [Change Dir: /home/morpheus/src/repos/BingoChado/GeorgeLink/client/target/debug/build/fltk-sys-c5ccceb078dc21ed/out/build/CMakeFiles/CMakeTmp]
  ignore line: []
  ignore line: [Run Build Command(s):/usr/bin/make -f Makefile cmTC_77b75/fast && /usr/bin/make  -f CMakeFiles/cmTC_77b75.dir/build.make CMakeFiles/cmTC_77b75.dir/build]
  ignore line: [make[1]: Entering directory '/home/morpheus/src/repos/BingoChado/GeorgeLink/client/target/debug/build/fltk-sys-c5ccceb078dc21ed/out/build/CMakeFiles/CMakeTmp']
  ignore line: [Building C object CMakeFiles/cmTC_77b75.dir/CMakeCCompilerABI.c.o]
  ignore line: [/usr/bin/cc   -ffunction-sections -fdata-sections -fPIC -m64    -v -o CMakeFiles/cmTC_77b75.dir/CMakeCCompilerABI.c.o -c /usr/share/cmake/Modules/CMakeCCompilerABI.c]
  ignore line: [Using built-in specs.]
  ignore line: [COLLECT_GCC=/usr/bin/cc]
  ignore line: [Target: x86_64-pc-linux-gnu]
  ignore line: [Configured with: /build/gcc/src/gcc/configure --enable-languages=c c++ ada fortran go lto objc obj-c++ d --enable-bootstrap --prefix=/usr --libdir=/usr/lib --libexecdir=/usr/lib --mandir=/usr/share/man --infodir=/usr/share/info --with-bugurl=https://bugs.archlinux.org/ --with-build-config=bootstrap-lto --with-linker-hash-style=gnu --with-system-zlib --enable-__cxa_atexit --enable-cet=auto --enable-checking=release --enable-clocale=gnu --enable-default-pie --enable-default-ssp --enable-gnu-indirect-function --enable-gnu-unique-object --enable-libstdcxx-backtrace --enable-link-serialization=1 --enable-linker-build-id --enable-lto --enable-multilib --enable-plugin --enable-shared --enable-threads=posix --disable-libssp --disable-libstdcxx-pch --disable-werror]
  ignore line: [Thread model: posix]
  ignore line: [Supported LTO compression algorithms: zlib zstd]
  ignore line: [gcc version 12.2.0 (GCC) ]
  ignore line: [COLLECT_GCC_OPTIONS='-ffunction-sections' '-fdata-sections' '-fPIC' '-m64' '-v' '-o' 'CMakeFiles/cmTC_77b75.dir/CMakeCCompilerABI.c.o' '-c' '-mtune=generic' '-march=x86-64' '-dumpdir' 'CMakeFiles/cmTC_77b75.dir/']
  ignore line: [ /usr/lib/gcc/x86_64-pc-linux-gnu/12.2.0/cc1 -quiet -v /usr/share/cmake/Modules/CMakeCCompilerABI.c -quiet -dumpdir CMakeFiles/cmTC_77b75.dir/ -dumpbase CMakeCCompilerABI.c.c -dumpbase-ext .c -m64 -mtune=generic -march=x86-64 -version -ffunction-sections -fdata-sections -fPIC -o /tmp/cc9RS28q.s]
  ignore line: [GNU C17 (GCC) version 12.2.0 (x86_64-pc-linux-gnu)]
  ignore line: [	compiled by GNU C version 12.2.0  GMP version 6.2.1  MPFR version 4.1.0-p13  MPC version 1.2.1  isl version isl-0.25-GMP]
  ignore line: []
  ignore line: [GGC heuristics: --param ggc-min-expand=100 --param ggc-min-heapsize=131072]
  ignore line: [ignoring nonexistent directory "/usr/lib/gcc/x86_64-pc-linux-gnu/12.2.0/../../../../x86_64-pc-linux-gnu/include"]
  ignore line: [#include "..." search starts here:]
  ignore line: [#include <...> search starts here:]
  ignore line: [ /usr/lib/gcc/x86_64-pc-linux-gnu/12.2.0/include]
  ignore line: [ /usr/local/include]
  ignore line: [ /usr/lib/gcc/x86_64-pc-linux-gnu/12.2.0/include-fixed]
  ignore line: [ /usr/include]
  ignore line: [End of search list.]
  ignore line: [GNU C17 (GCC) version 12.2.0 (x86_64-pc-linux-gnu)]
  ignore line: [	compiled by GNU C version 12.2.0  GMP version 6.2.1  MPFR version 4.1.0-p13  MPC version 1.2.1  isl version isl-0.25-GMP]
  ignore line: []
  ignore line: [GGC heuristics: --param ggc-min-expand=100 --param ggc-min-heapsize=131072]
  ignore line: [Compiler executable checksum: 4b798a352742e8322eaa4a166b8f6299]
  ignore line: [COLLECT_GCC_OPTIONS='-ffunction-sections' '-fdata-sections' '-fPIC' '-m64' '-v' '-o' 'CMakeFiles/cmTC_77b75.dir/CMakeCCompilerABI.c.o' '-c' '-mtune=generic' '-march=x86-64' '-dumpdir' 'CMakeFiles/cmTC_77b75.dir/']
  ignore line: [ as -v --64 -o CMakeFiles/cmTC_77b75.dir/CMakeCCompilerABI.c.o /tmp/cc9RS28q.s]
  ignore line: [GNU assembler version 2.39.0 (x86_64-pc-linux-gnu) using BFD version (GNU Binutils) 2.39.0]
  ignore line: [COMPILER_PATH=/usr/lib/gcc/x86_64-pc-linux-gnu/12.2.0/:/usr/lib/gcc/x86_64-pc-linux-gnu/12.2.0/:/usr/lib/gcc/x86_64-pc-linux-gnu/:/usr/lib/gcc/x86_64-pc-linux-gnu/12.2.0/:/usr/lib/gcc/x86_64-pc-linux-gnu/]
  ignore line: [LIBRARY_PATH=/usr/lib/gcc/x86_64-pc-linux-gnu/12.2.0/:/usr/lib/gcc/x86_64-pc-linux-gnu/12.2.0/../../../../lib/:/lib/../lib/:/usr/lib/../lib/:/usr/lib/gcc/x86_64-pc-linux-gnu/12.2.0/../../../:/lib/:/usr/lib/]
  ignore line: [COLLECT_GCC_OPTIONS='-ffunction-sections' '-fdata-sections' '-fPIC' '-m64' '-v' '-o' 'CMakeFiles/cmTC_77b75.dir/CMakeCCompilerABI.c.o' '-c' '-mtune=generic' '-march=x86-64' '-dumpdir' 'CMakeFiles/cmTC_77b75.dir/CMakeCCompilerABI.c.']
  ignore line: [Linking C executable cmTC_77b75]
  ignore line: [/usr/bin/cmake -E cmake_link_script CMakeFiles/cmTC_77b75.dir/link.txt --verbose=1]
  ignore line: [/usr/bin/cc  -ffunction-sections -fdata-sections -fPIC -m64   -v -rdynamic CMakeFiles/cmTC_77b75.dir/CMakeCCompilerABI.c.o -o cmTC_77b75 ]
  ignore line: [Using built-in specs.]
  ignore line: [COLLECT_GCC=/usr/bin/cc]
  ignore line: [COLLECT_LTO_WRAPPER=/usr/lib/gcc/x86_64-pc-linux-gnu/12.2.0/lto-wrapper]
  ignore line: [Target: x86_64-pc-linux-gnu]
  ignore line: [Configured with: /build/gcc/src/gcc/configure --enable-languages=c c++ ada fortran go lto objc obj-c++ d --enable-bootstrap --prefix=/usr --libdir=/usr/lib --libexecdir=/usr/lib --mandir=/usr/share/man --infodir=/usr/share/info --with-bugurl=https://bugs.archlinux.org/ --with-build-config=bootstrap-lto --with-linker-hash-style=gnu --with-system-zlib --enable-__cxa_atexit --enable-cet=auto --enable-checking=release --enable-clocale=gnu --enable-default-pie --enable-default-ssp --enable-gnu-indirect-function --enable-gnu-unique-object --enable-libstdcxx-backtrace --enable-link-serialization=1 --enable-linker-build-id --enable-lto --enable-multilib --enable-plugin --enable-shared --enable-threads=posix --disable-libssp --disable-libstdcxx-pch --disable-werror]
  ignore line: [Thread model: posix]
  ignore line: [Supported LTO compression algorithms: zlib zstd]
  ignore line: [gcc version 12.2.0 (GCC) ]
  ignore line: [COMPILER_PATH=/usr/lib/gcc/x86_64-pc-linux-gnu/12.2.0/:/usr/lib/gcc/x86_64-pc-linux-gnu/12.2.0/:/usr/lib/gcc/x86_64-pc-linux-gnu/:/usr/lib/gcc/x86_64-pc-linux-gnu/12.2.0/:/usr/lib/gcc/x86_64-pc-linux-gnu/]
  ignore line: [LIBRARY_PATH=/usr/lib/gcc/x86_64-pc-linux-gnu/12.2.0/:/usr/lib/gcc/x86_64-pc-linux-gnu/12.2.0/../../../../lib/:/lib/../lib/:/usr/lib/../lib/:/usr/lib/gcc/x86_64-pc-linux-gnu/12.2.0/../../../:/lib/:/usr/lib/]
  ignore line: [COLLECT_GCC_OPTIONS='-ffunction-sections' '-fdata-sections' '-fPIC' '-m64' '-v' '-rdynamic' '-o' 'cmTC_77b75' '-mtune=generic' '-march=x86-64' '-dumpdir' 'cmTC_77b75.']
  link line: [ /usr/lib/gcc/x86_64-pc-linux-gnu/12.2.0/collect2 -plugin /usr/lib/gcc/x86_64-pc-linux-gnu/12.2.0/liblto_plugin.so -plugin-opt=/usr/lib/gcc/x86_64-pc-linux-gnu/12.2.0/lto-wrapper -plugin-opt=-fresolution=/tmp/ccoVfHS0.res -plugin-opt=-pass-through=-lgcc -plugin-opt=-pass-through=-lgcc_s -plugin-opt=-pass-through=-lc -plugin-opt=-pass-through=-lgcc -plugin-opt=-pass-through=-lgcc_s --build-id --eh-frame-hdr --hash-style=gnu -m elf_x86_64 -export-dynamic -dynamic-linker /lib64/ld-linux-x86-64.so.2 -pie -o cmTC_77b75 /usr/lib/gcc/x86_64-pc-linux-gnu/12.2.0/../../../../lib/Scrt1.o /usr/lib/gcc/x86_64-pc-linux-gnu/12.2.0/../../../../lib/crti.o /usr/lib/gcc/x86_64-pc-linux-gnu/12.2.0/crtbeginS.o -L/usr/lib/gcc/x86_64-pc-linux-gnu/12.2.0 -L/usr/lib/gcc/x86_64-pc-linux-gnu/12.2.0/../../../../lib -L/lib/../lib -L/usr/lib/../lib -L/usr/lib/gcc/x86_64-pc-linux-gnu/12.2.0/../../.. CMakeFiles/cmTC_77b75.dir/CMakeCCompilerABI.c.o -lgcc --push-state --as-needed -lgcc_s --pop-state -lc -lgcc --push-state --as-needed -lgcc_s --pop-state /usr/lib/gcc/x86_64-pc-linux-gnu/12.2.0/crtendS.o /usr/lib/gcc/x86_64-pc-linux-gnu/12.2.0/../../../../lib/crtn.o]
    arg [/usr/lib/gcc/x86_64-pc-linux-gnu/12.2.0/collect2] ==> ignore
    arg [-plugin] ==> ignore
    arg [/usr/lib/gcc/x86_64-pc-linux-gnu/12.2.0/liblto_plugin.so] ==> ignore
    arg [-plugin-opt=/usr/lib/gcc/x86_64-pc-linux-gnu/12.2.0/lto-wrapper] ==> ignore
    arg [-plugin-opt=-fresolution=/tmp/ccoVfHS0.res] ==> ignore
    arg [-plugin-opt=-pass-through=-lgcc] ==> ignore
    arg [-plugin-opt=-pass-through=-lgcc_s] ==> ignore
    arg [-plugin-opt=-pass-through=-lc] ==> ignore
    arg [-plugin-opt=-pass-through=-lgcc] ==> ignore
    arg [-plugin-opt=-pass-through=-lgcc_s] ==> ignore
    arg [--build-id] ==> ignore
    arg [--eh-frame-hdr] ==> ignore
    arg [--hash-style=gnu] ==> ignore
    arg [-m] ==> ignore
    arg [elf_x86_64] ==> ignore
    arg [-export-dynamic] ==> ignore
    arg [-dynamic-linker] ==> ignore
    arg [/lib64/ld-linux-x86-64.so.2] ==> ignore
    arg [-pie] ==> ignore
    arg [-o] ==> ignore
    arg [cmTC_77b75] ==> ignore
    arg [/usr/lib/gcc/x86_64-pc-linux-gnu/12.2.0/../../../../lib/Scrt1.o] ==> obj [/usr/lib/gcc/x86_64-pc-linux-gnu/12.2.0/../../../../lib/Scrt1.o]
    arg [/usr/lib/gcc/x86_64-pc-linux-gnu/12.2.0/../../../../lib/crti.o] ==> obj [/usr/lib/gcc/x86_64-pc-linux-gnu/12.2.0/../../../../lib/crti.o]
    arg [/usr/lib/gcc/x86_64-pc-linux-gnu/12.2.0/crtbeginS.o] ==> obj [/usr/lib/gcc/x86_64-pc-linux-gnu/12.2.0/crtbeginS.o]
    arg [-L/usr/lib/gcc/x86_64-pc-linux-gnu/12.2.0] ==> dir [/usr/lib/gcc/x86_64-pc-linux-gnu/12.2.0]
    arg [-L/usr/lib/gcc/x86_64-pc-linux-gnu/12.2.0/../../../../lib] ==> dir [/usr/lib/gcc/x86_64-pc-linux-gnu/12.2.0/../../../../lib]
    arg [-L/lib/../lib] ==> dir [/lib/../lib]
    arg [-L/usr/lib/../lib] ==> dir [/usr/lib/../lib]
    arg [-L/usr/lib/gcc/x86_64-pc-linux-gnu/12.2.0/../../..] ==> dir [/usr/lib/gcc/x86_64-pc-linux-gnu/12.2.0/../../..]
    arg [CMakeFiles/cmTC_77b75.dir/CMakeCCompilerABI.c.o] ==> ignore
    arg [-lgcc] ==> lib [gcc]
    arg [--push-state] ==> ignore
    arg [--as-needed] ==> ignore
    arg [-lgcc_s] ==> lib [gcc_s]
    arg [--pop-state] ==> ignore
    arg [-lc] ==> lib [c]
    arg [-lgcc] ==> lib [gcc]
    arg [--push-state] ==> ignore
    arg [--as-needed] ==> ignore
    arg [-lgcc_s] ==> lib [gcc_s]
    arg [--pop-state] ==> ignore
    arg [/usr/lib/gcc/x86_64-pc-linux-gnu/12.2.0/crtendS.o] ==> obj [/usr/lib/gcc/x86_64-pc-linux-gnu/12.2.0/crtendS.o]
    arg [/usr/lib/gcc/x86_64-pc-linux-gnu/12.2.0/../../../../lib/crtn.o] ==> obj [/usr/lib/gcc/x86_64-pc-linux-gnu/12.2.0/../../../../lib/crtn.o]
  collapse obj [/usr/lib/gcc/x86_64-pc-linux-gnu/12.2.0/../../../../lib/Scrt1.o] ==> [/usr/lib/Scrt1.o]
  collapse obj [/usr/lib/gcc/x86_64-pc-linux-gnu/12.2.0/../../../../lib/crti.o] ==> [/usr/lib/crti.o]
  collapse obj [/usr/lib/gcc/x86_64-pc-linux-gnu/12.2.0/../../../../lib/crtn.o] ==> [/usr/lib/crtn.o]
  collapse library dir [/usr/lib/gcc/x86_64-pc-linux-gnu/12.2.0] ==> [/usr/lib/gcc/x86_64-pc-linux-gnu/12.2.0]
  collapse library dir [/usr/lib/gcc/x86_64-pc-linux-gnu/12.2.0/../../../../lib] ==> [/usr/lib]
  collapse library dir [/lib/../lib] ==> [/lib]
  collapse library dir [/usr/lib/../lib] ==> [/usr/lib]
  collapse library dir [/usr/lib/gcc/x86_64-pc-linux-gnu/12.2.0/../../..] ==> [/usr/lib]
  implicit libs: [gcc;gcc_s;c;gcc;gcc_s]
  implicit objs: [/usr/lib/Scrt1.o;/usr/lib/crti.o;/usr/lib/gcc/x86_64-pc-linux-gnu/12.2.0/crtbeginS.o;/usr/lib/gcc/x86_64-pc-linux-gnu/12.2.0/crtendS.o;/usr/lib/crtn.o]
  implicit dirs: [/usr/lib/gcc/x86_64-pc-linux-gnu/12.2.0;/usr/lib;/lib]
  implicit fwks: []


Detecting CXX compiler ABI info compiled with the following output:
Change Dir: /home/morpheus/src/repos/BingoChado/GeorgeLink/client/target/debug/build/fltk-sys-c5ccceb078dc21ed/out/build/CMakeFiles/CMakeTmp

Run Build Command(s):/usr/bin/make -f Makefile cmTC_7e7d9/fast && /usr/bin/make  -f CMakeFiles/cmTC_7e7d9.dir/build.make CMakeFiles/cmTC_7e7d9.dir/build
make[1]: Entering directory '/home/morpheus/src/repos/BingoChado/GeorgeLink/client/target/debug/build/fltk-sys-c5ccceb078dc21ed/out/build/CMakeFiles/CMakeTmp'
Building CXX object CMakeFiles/cmTC_7e7d9.dir/CMakeCXXCompilerABI.cpp.o
/usr/bin/c++   -ffunction-sections -fdata-sections -fPIC -m64    -v -o CMakeFiles/cmTC_7e7d9.dir/CMakeCXXCompilerABI.cpp.o -c /usr/share/cmake/Modules/CMakeCXXCompilerABI.cpp
Using built-in specs.
COLLECT_GCC=/usr/bin/c++
Target: x86_64-pc-linux-gnu
Configured with: /build/gcc/src/gcc/configure --enable-languages=c,c++,ada,fortran,go,lto,objc,obj-c++,d --enable-bootstrap --prefix=/usr --libdir=/usr/lib --libexecdir=/usr/lib --mandir=/usr/share/man --infodir=/usr/share/info --with-bugurl=https://bugs.archlinux.org/ --with-build-config=bootstrap-lto --with-linker-hash-style=gnu --with-system-zlib --enable-__cxa_atexit --enable-cet=auto --enable-checking=release --enable-clocale=gnu --enable-default-pie --enable-default-ssp --enable-gnu-indirect-function --enable-gnu-unique-object --enable-libstdcxx-backtrace --enable-link-serialization=1 --enable-linker-build-id --enable-lto --enable-multilib --enable-plugin --enable-shared --enable-threads=posix --disable-libssp --disable-libstdcxx-pch --disable-werror
Thread model: posix
Supported LTO compression algorithms: zlib zstd
gcc version 12.2.0 (GCC) 
COLLECT_GCC_OPTIONS='-ffunction-sections' '-fdata-sections' '-fPIC' '-m64' '-v' '-o' 'CMakeFiles/cmTC_7e7d9.dir/CMakeCXXCompilerABI.cpp.o' '-c' '-shared-libgcc' '-mtune=generic' '-march=x86-64' '-dumpdir' 'CMakeFiles/cmTC_7e7d9.dir/'
 /usr/lib/gcc/x86_64-pc-linux-gnu/12.2.0/cc1plus -quiet -v -D_GNU_SOURCE /usr/share/cmake/Modules/CMakeCXXCompilerABI.cpp -quiet -dumpdir CMakeFiles/cmTC_7e7d9.dir/ -dumpbase CMakeCXXCompilerABI.cpp.cpp -dumpbase-ext .cpp -m64 -mtune=generic -march=x86-64 -version -ffunction-sections -fdata-sections -fPIC -o /tmp/ccDLFuMr.s
GNU C++17 (GCC) version 12.2.0 (x86_64-pc-linux-gnu)
	compiled by GNU C version 12.2.0, GMP version 6.2.1, MPFR version 4.1.0-p13, MPC version 1.2.1, isl version isl-0.25-GMP

GGC heuristics: --param ggc-min-expand=100 --param ggc-min-heapsize=131072
ignoring nonexistent directory "/usr/lib/gcc/x86_64-pc-linux-gnu/12.2.0/../../../../x86_64-pc-linux-gnu/include"
#include "..." search starts here:
#include <...> search starts here:
 /usr/lib/gcc/x86_64-pc-linux-gnu/12.2.0/../../../../include/c++/12.2.0
 /usr/lib/gcc/x86_64-pc-linux-gnu/12.2.0/../../../../include/c++/12.2.0/x86_64-pc-linux-gnu
 /usr/lib/gcc/x86_64-pc-linux-gnu/12.2.0/../../../../include/c++/12.2.0/backward
 /usr/lib/gcc/x86_64-pc-linux-gnu/12.2.0/include
 /usr/local/include
 /usr/lib/gcc/x86_64-pc-linux-gnu/12.2.0/include-fixed
 /usr/include
End of search list.
GNU C++17 (GCC) version 12.2.0 (x86_64-pc-linux-gnu)
	compiled by GNU C version 12.2.0, GMP version 6.2.1, MPFR version 4.1.0-p13, MPC version 1.2.1, isl version isl-0.25-GMP

GGC heuristics: --param ggc-min-expand=100 --param ggc-min-heapsize=131072
Compiler executable checksum: 402ce889a414e2a3abbbe3146fa0a6cb
COLLECT_GCC_OPTIONS='-ffunction-sections' '-fdata-sections' '-fPIC' '-m64' '-v' '-o' 'CMakeFiles/cmTC_7e7d9.dir/CMakeCXXCompilerABI.cpp.o' '-c' '-shared-libgcc' '-mtune=generic' '-march=x86-64' '-dumpdir' 'CMakeFiles/cmTC_7e7d9.dir/'
 as -v --64 -o CMakeFiles/cmTC_7e7d9.dir/CMakeCXXCompilerABI.cpp.o /tmp/ccDLFuMr.s
GNU assembler version 2.39.0 (x86_64-pc-linux-gnu) using BFD version (GNU Binutils) 2.39.0
COMPILER_PATH=/usr/lib/gcc/x86_64-pc-linux-gnu/12.2.0/:/usr/lib/gcc/x86_64-pc-linux-gnu/12.2.0/:/usr/lib/gcc/x86_64-pc-linux-gnu/:/usr/lib/gcc/x86_64-pc-linux-gnu/12.2.0/:/usr/lib/gcc/x86_64-pc-linux-gnu/
LIBRARY_PATH=/usr/lib/gcc/x86_64-pc-linux-gnu/12.2.0/:/usr/lib/gcc/x86_64-pc-linux-gnu/12.2.0/../../../../lib/:/lib/../lib/:/usr/lib/../lib/:/usr/lib/gcc/x86_64-pc-linux-gnu/12.2.0/../../../:/lib/:/usr/lib/
COLLECT_GCC_OPTIONS='-ffunction-sections' '-fdata-sections' '-fPIC' '-m64' '-v' '-o' 'CMakeFiles/cmTC_7e7d9.dir/CMakeCXXCompilerABI.cpp.o' '-c' '-shared-libgcc' '-mtune=generic' '-march=x86-64' '-dumpdir' 'CMakeFiles/cmTC_7e7d9.dir/CMakeCXXCompilerABI.cpp.'
Linking CXX executable cmTC_7e7d9
/usr/bin/cmake -E cmake_link_script CMakeFiles/cmTC_7e7d9.dir/link.txt --verbose=1
/usr/bin/c++  -ffunction-sections -fdata-sections -fPIC -m64   -v -rdynamic CMakeFiles/cmTC_7e7d9.dir/CMakeCXXCompilerABI.cpp.o -o cmTC_7e7d9 
Using built-in specs.
COLLECT_GCC=/usr/bin/c++
COLLECT_LTO_WRAPPER=/usr/lib/gcc/x86_64-pc-linux-gnu/12.2.0/lto-wrapper
Target: x86_64-pc-linux-gnu
Configured with: /build/gcc/src/gcc/configure --enable-languages=c,c++,ada,fortran,go,lto,objc,obj-c++,d --enable-bootstrap --prefix=/usr --libdir=/usr/lib --libexecdir=/usr/lib --mandir=/usr/share/man --infodir=/usr/share/info --with-bugurl=https://bugs.archlinux.org/ --with-build-config=bootstrap-lto --with-linker-hash-style=gnu --with-system-zlib --enable-__cxa_atexit --enable-cet=auto --enable-checking=release --enable-clocale=gnu --enable-default-pie --enable-default-ssp --enable-gnu-indirect-function --enable-gnu-unique-object --enable-libstdcxx-backtrace --enable-link-serialization=1 --enable-linker-build-id --enable-lto --enable-multilib --enable-plugin --enable-shared --enable-threads=posix --disable-libssp --disable-libstdcxx-pch --disable-werror
Thread model: posix
Supported LTO compression algorithms: zlib zstd
gcc version 12.2.0 (GCC) 
COMPILER_PATH=/usr/lib/gcc/x86_64-pc-linux-gnu/12.2.0/:/usr/lib/gcc/x86_64-pc-linux-gnu/12.2.0/:/usr/lib/gcc/x86_64-pc-linux-gnu/:/usr/lib/gcc/x86_64-pc-linux-gnu/12.2.0/:/usr/lib/gcc/x86_64-pc-linux-gnu/
LIBRARY_PATH=/usr/lib/gcc/x86_64-pc-linux-gnu/12.2.0/:/usr/lib/gcc/x86_64-pc-linux-gnu/12.2.0/../../../../lib/:/lib/../lib/:/usr/lib/../lib/:/usr/lib/gcc/x86_64-pc-linux-gnu/12.2.0/../../../:/lib/:/usr/lib/
COLLECT_GCC_OPTIONS='-ffunction-sections' '-fdata-sections' '-fPIC' '-m64' '-v' '-rdynamic' '-o' 'cmTC_7e7d9' '-shared-libgcc' '-mtune=generic' '-march=x86-64' '-dumpdir' 'cmTC_7e7d9.'
 /usr/lib/gcc/x86_64-pc-linux-gnu/12.2.0/collect2 -plugin /usr/lib/gcc/x86_64-pc-linux-gnu/12.2.0/liblto_plugin.so -plugin-opt=/usr/lib/gcc/x86_64-pc-linux-gnu/12.2.0/lto-wrapper -plugin-opt=-fresolution=/tmp/cc8lTVOu.res -plugin-opt=-pass-through=-lgcc_s -plugin-opt=-pass-through=-lgcc -plugin-opt=-pass-through=-lc -plugin-opt=-pass-through=-lgcc_s -plugin-opt=-pass-through=-lgcc --build-id --eh-frame-hdr --hash-style=gnu -m elf_x86_64 -export-dynamic -dynamic-linker /lib64/ld-linux-x86-64.so.2 -pie -o cmTC_7e7d9 /usr/lib/gcc/x86_64-pc-linux-gnu/12.2.0/../../../../lib/Scrt1.o /usr/lib/gcc/x86_64-pc-linux-gnu/12.2.0/../../../../lib/crti.o /usr/lib/gcc/x86_64-pc-linux-gnu/12.2.0/crtbeginS.o -L/usr/lib/gcc/x86_64-pc-linux-gnu/12.2.0 -L/usr/lib/gcc/x86_64-pc-linux-gnu/12.2.0/../../../../lib -L/lib/../lib -L/usr/lib/../lib -L/usr/lib/gcc/x86_64-pc-linux-gnu/12.2.0/../../.. CMakeFiles/cmTC_7e7d9.dir/CMakeCXXCompilerABI.cpp.o -lstdc++ -lm -lgcc_s -lgcc -lc -lgcc_s -lgcc /usr/lib/gcc/x86_64-pc-linux-gnu/12.2.0/crtendS.o /usr/lib/gcc/x86_64-pc-linux-gnu/12.2.0/../../../../lib/crtn.o
COLLECT_GCC_OPTIONS='-ffunction-sections' '-fdata-sections' '-fPIC' '-m64' '-v' '-rdynamic' '-o' 'cmTC_7e7d9' '-shared-libgcc' '-mtune=generic' '-march=x86-64' '-dumpdir' 'cmTC_7e7d9.'
make[1]: Leaving directory '/home/morpheus/src/repos/BingoChado/GeorgeLink/client/target/debug/build/fltk-sys-c5ccceb078dc21ed/out/build/CMakeFiles/CMakeTmp'



Parsed CXX implicit include dir info from above output: rv=done
  found start of include info
  found start of implicit include info
    add: [/usr/lib/gcc/x86_64-pc-linux-gnu/12.2.0/../../../../include/c++/12.2.0]
    add: [/usr/lib/gcc/x86_64-pc-linux-gnu/12.2.0/../../../../include/c++/12.2.0/x86_64-pc-linux-gnu]
    add: [/usr/lib/gcc/x86_64-pc-linux-gnu/12.2.0/../../../../include/c++/12.2.0/backward]
    add: [/usr/lib/gcc/x86_64-pc-linux-gnu/12.2.0/include]
    add: [/usr/local/include]
    add: [/usr/lib/gcc/x86_64-pc-linux-gnu/12.2.0/include-fixed]
    add: [/usr/include]
  end of search list found
  collapse include dir [/usr/lib/gcc/x86_64-pc-linux-gnu/12.2.0/../../../../include/c++/12.2.0] ==> [/usr/include/c++/12.2.0]
  collapse include dir [/usr/lib/gcc/x86_64-pc-linux-gnu/12.2.0/../../../../include/c++/12.2.0/x86_64-pc-linux-gnu] ==> [/usr/include/c++/12.2.0/x86_64-pc-linux-gnu]
  collapse include dir [/usr/lib/gcc/x86_64-pc-linux-gnu/12.2.0/../../../../include/c++/12.2.0/backward] ==> [/usr/include/c++/12.2.0/backward]
  collapse include dir [/usr/lib/gcc/x86_64-pc-linux-gnu/12.2.0/include] ==> [/usr/lib/gcc/x86_64-pc-linux-gnu/12.2.0/include]
  collapse include dir [/usr/local/include] ==> [/usr/local/include]
  collapse include dir [/usr/lib/gcc/x86_64-pc-linux-gnu/12.2.0/include-fixed] ==> [/usr/lib/gcc/x86_64-pc-linux-gnu/12.2.0/include-fixed]
  collapse include dir [/usr/include] ==> [/usr/include]
  implicit include dirs: [/usr/include/c++/12.2.0;/usr/include/c++/12.2.0/x86_64-pc-linux-gnu;/usr/include/c++/12.2.0/backward;/usr/lib/gcc/x86_64-pc-linux-gnu/12.2.0/include;/usr/local/include;/usr/lib/gcc/x86_64-pc-linux-gnu/12.2.0/include-fixed;/usr/include]


Parsed CXX implicit link information from above output:
  link line regex: [^( *|.*[/\])(ld|CMAKE_LINK_STARTFILE-NOTFOUND|([^/\]+-)?ld|collect2)[^/\]*( |$)]
  ignore line: [Change Dir: /home/morpheus/src/repos/BingoChado/GeorgeLink/client/target/debug/build/fltk-sys-c5ccceb078dc21ed/out/build/CMakeFiles/CMakeTmp]
  ignore line: []
  ignore line: [Run Build Command(s):/usr/bin/make -f Makefile cmTC_7e7d9/fast && /usr/bin/make  -f CMakeFiles/cmTC_7e7d9.dir/build.make CMakeFiles/cmTC_7e7d9.dir/build]
  ignore line: [make[1]: Entering directory '/home/morpheus/src/repos/BingoChado/GeorgeLink/client/target/debug/build/fltk-sys-c5ccceb078dc21ed/out/build/CMakeFiles/CMakeTmp']
  ignore line: [Building CXX object CMakeFiles/cmTC_7e7d9.dir/CMakeCXXCompilerABI.cpp.o]
  ignore line: [/usr/bin/c++   -ffunction-sections -fdata-sections -fPIC -m64    -v -o CMakeFiles/cmTC_7e7d9.dir/CMakeCXXCompilerABI.cpp.o -c /usr/share/cmake/Modules/CMakeCXXCompilerABI.cpp]
  ignore line: [Using built-in specs.]
  ignore line: [COLLECT_GCC=/usr/bin/c++]
  ignore line: [Target: x86_64-pc-linux-gnu]
  ignore line: [Configured with: /build/gcc/src/gcc/configure --enable-languages=c c++ ada fortran go lto objc obj-c++ d --enable-bootstrap --prefix=/usr --libdir=/usr/lib --libexecdir=/usr/lib --mandir=/usr/share/man --infodir=/usr/share/info --with-bugurl=https://bugs.archlinux.org/ --with-build-config=bootstrap-lto --with-linker-hash-style=gnu --with-system-zlib --enable-__cxa_atexit --enable-cet=auto --enable-checking=release --enable-clocale=gnu --enable-default-pie --enable-default-ssp --enable-gnu-indirect-function --enable-gnu-unique-object --enable-libstdcxx-backtrace --enable-link-serialization=1 --enable-linker-build-id --enable-lto --enable-multilib --enable-plugin --enable-shared --enable-threads=posix --disable-libssp --disable-libstdcxx-pch --disable-werror]
  ignore line: [Thread model: posix]
  ignore line: [Supported LTO compression algorithms: zlib zstd]
  ignore line: [gcc version 12.2.0 (GCC) ]
  ignore line: [COLLECT_GCC_OPTIONS='-ffunction-sections' '-fdata-sections' '-fPIC' '-m64' '-v' '-o' 'CMakeFiles/cmTC_7e7d9.dir/CMakeCXXCompilerABI.cpp.o' '-c' '-shared-libgcc' '-mtune=generic' '-march=x86-64' '-dumpdir' 'CMakeFiles/cmTC_7e7d9.dir/']
  ignore line: [ /usr/lib/gcc/x86_64-pc-linux-gnu/12.2.0/cc1plus -quiet -v -D_GNU_SOURCE /usr/share/cmake/Modules/CMakeCXXCompilerABI.cpp -quiet -dumpdir CMakeFiles/cmTC_7e7d9.dir/ -dumpbase CMakeCXXCompilerABI.cpp.cpp -dumpbase-ext .cpp -m64 -mtune=generic -march=x86-64 -version -ffunction-sections -fdata-sections -fPIC -o /tmp/ccDLFuMr.s]
  ignore line: [GNU C++17 (GCC) version 12.2.0 (x86_64-pc-linux-gnu)]
  ignore line: [	compiled by GNU C version 12.2.0  GMP version 6.2.1  MPFR version 4.1.0-p13  MPC version 1.2.1  isl version isl-0.25-GMP]
  ignore line: []
  ignore line: [GGC heuristics: --param ggc-min-expand=100 --param ggc-min-heapsize=131072]
  ignore line: [ignoring nonexistent directory "/usr/lib/gcc/x86_64-pc-linux-gnu/12.2.0/../../../../x86_64-pc-linux-gnu/include"]
  ignore line: [#include "..." search starts here:]
  ignore line: [#include <...> search starts here:]
  ignore line: [ /usr/lib/gcc/x86_64-pc-linux-gnu/12.2.0/../../../../include/c++/12.2.0]
  ignore line: [ /usr/lib/gcc/x86_64-pc-linux-gnu/12.2.0/../../../../include/c++/12.2.0/x86_64-pc-linux-gnu]
  ignore line: [ /usr/lib/gcc/x86_64-pc-linux-gnu/12.2.0/../../../../include/c++/12.2.0/backward]
  ignore line: [ /usr/lib/gcc/x86_64-pc-linux-gnu/12.2.0/include]
  ignore line: [ /usr/local/include]
  ignore line: [ /usr/lib/gcc/x86_64-pc-linux-gnu/12.2.0/include-fixed]
  ignore line: [ /usr/include]
  ignore line: [End of search list.]
  ignore line: [GNU C++17 (GCC) version 12.2.0 (x86_64-pc-linux-gnu)]
  ignore line: [	compiled by GNU C version 12.2.0  GMP version 6.2.1  MPFR version 4.1.0-p13  MPC version 1.2.1  isl version isl-0.25-GMP]
  ignore line: []
  ignore line: [GGC heuristics: --param ggc-min-expand=100 --param ggc-min-heapsize=131072]
  ignore line: [Compiler executable checksum: 402ce889a414e2a3abbbe3146fa0a6cb]
  ignore line: [COLLECT_GCC_OPTIONS='-ffunction-sections' '-fdata-sections' '-fPIC' '-m64' '-v' '-o' 'CMakeFiles/cmTC_7e7d9.dir/CMakeCXXCompilerABI.cpp.o' '-c' '-shared-libgcc' '-mtune=generic' '-march=x86-64' '-dumpdir' 'CMakeFiles/cmTC_7e7d9.dir/']
  ignore line: [ as -v --64 -o CMakeFiles/cmTC_7e7d9.dir/CMakeCXXCompilerABI.cpp.o /tmp/ccDLFuMr.s]
  ignore line: [GNU assembler version 2.39.0 (x86_64-pc-linux-gnu) using BFD version (GNU Binutils) 2.39.0]
  ignore line: [COMPILER_PATH=/usr/lib/gcc/x86_64-pc-linux-gnu/12.2.0/:/usr/lib/gcc/x86_64-pc-linux-gnu/12.2.0/:/usr/lib/gcc/x86_64-pc-linux-gnu/:/usr/lib/gcc/x86_64-pc-linux-gnu/12.2.0/:/usr/lib/gcc/x86_64-pc-linux-gnu/]
  ignore line: [LIBRARY_PATH=/usr/lib/gcc/x86_64-pc-linux-gnu/12.2.0/:/usr/lib/gcc/x86_64-pc-linux-gnu/12.2.0/../../../../lib/:/lib/../lib/:/usr/lib/../lib/:/usr/lib/gcc/x86_64-pc-linux-gnu/12.2.0/../../../:/lib/:/usr/lib/]
  ignore line: [COLLECT_GCC_OPTIONS='-ffunction-sections' '-fdata-sections' '-fPIC' '-m64' '-v' '-o' 'CMakeFiles/cmTC_7e7d9.dir/CMakeCXXCompilerABI.cpp.o' '-c' '-shared-libgcc' '-mtune=generic' '-march=x86-64' '-dumpdir' 'CMakeFiles/cmTC_7e7d9.dir/CMakeCXXCompilerABI.cpp.']
  ignore line: [Linking CXX executable cmTC_7e7d9]
  ignore line: [/usr/bin/cmake -E cmake_link_script CMakeFiles/cmTC_7e7d9.dir/link.txt --verbose=1]
  ignore line: [/usr/bin/c++  -ffunction-sections -fdata-sections -fPIC -m64   -v -rdynamic CMakeFiles/cmTC_7e7d9.dir/CMakeCXXCompilerABI.cpp.o -o cmTC_7e7d9 ]
  ignore line: [Using built-in specs.]
  ignore line: [COLLECT_GCC=/usr/bin/c++]
  ignore line: [COLLECT_LTO_WRAPPER=/usr/lib/gcc/x86_64-pc-linux-gnu/12.2.0/lto-wrapper]
  ignore line: [Target: x86_64-pc-linux-gnu]
  ignore line: [Configured with: /build/gcc/src/gcc/configure --enable-languages=c c++ ada fortran go lto objc obj-c++ d --enable-bootstrap --prefix=/usr --libdir=/usr/lib --libexecdir=/usr/lib --mandir=/usr/share/man --infodir=/usr/share/info --with-bugurl=https://bugs.archlinux.org/ --with-build-config=bootstrap-lto --with-linker-hash-style=gnu --with-system-zlib --enable-__cxa_atexit --enable-cet=auto --enable-checking=release --enable-clocale=gnu --enable-default-pie --enable-default-ssp --enable-gnu-indirect-function --enable-gnu-unique-object --enable-libstdcxx-backtrace --enable-link-serialization=1 --enable-linker-build-id --enable-lto --enable-multilib --enable-plugin --enable-shared --enable-threads=posix --disable-libssp --disable-libstdcxx-pch --disable-werror]
  ignore line: [Thread model: posix]
  ignore line: [Supported LTO compression algorithms: zlib zstd]
  ignore line: [gcc version 12.2.0 (GCC) ]
  ignore line: [COMPILER_PATH=/usr/lib/gcc/x86_64-pc-linux-gnu/12.2.0/:/usr/lib/gcc/x86_64-pc-linux-gnu/12.2.0/:/usr/lib/gcc/x86_64-pc-linux-gnu/:/usr/lib/gcc/x86_64-pc-linux-gnu/12.2.0/:/usr/lib/gcc/x86_64-pc-linux-gnu/]
  ignore line: [LIBRARY_PATH=/usr/lib/gcc/x86_64-pc-linux-gnu/12.2.0/:/usr/lib/gcc/x86_64-pc-linux-gnu/12.2.0/../../../../lib/:/lib/../lib/:/usr/lib/../lib/:/usr/lib/gcc/x86_64-pc-linux-gnu/12.2.0/../../../:/lib/:/usr/lib/]
  ignore line: [COLLECT_GCC_OPTIONS='-ffunction-sections' '-fdata-sections' '-fPIC' '-m64' '-v' '-rdynamic' '-o' 'cmTC_7e7d9' '-shared-libgcc' '-mtune=generic' '-march=x86-64' '-dumpdir' 'cmTC_7e7d9.']
  link line: [ /usr/lib/gcc/x86_64-pc-linux-gnu/12.2.0/collect2 -plugin /usr/lib/gcc/x86_64-pc-linux-gnu/12.2.0/liblto_plugin.so -plugin-opt=/usr/lib/gcc/x86_64-pc-linux-gnu/12.2.0/lto-wrapper -plugin-opt=-fresolution=/tmp/cc8lTVOu.res -plugin-opt=-pass-through=-lgcc_s -plugin-opt=-pass-through=-lgcc -plugin-opt=-pass-through=-lc -plugin-opt=-pass-through=-lgcc_s -plugin-opt=-pass-through=-lgcc --build-id --eh-frame-hdr --hash-style=gnu -m elf_x86_64 -export-dynamic -dynamic-linker /lib64/ld-linux-x86-64.so.2 -pie -o cmTC_7e7d9 /usr/lib/gcc/x86_64-pc-linux-gnu/12.2.0/../../../../lib/Scrt1.o /usr/lib/gcc/x86_64-pc-linux-gnu/12.2.0/../../../../lib/crti.o /usr/lib/gcc/x86_64-pc-linux-gnu/12.2.0/crtbeginS.o -L/usr/lib/gcc/x86_64-pc-linux-gnu/12.2.0 -L/usr/lib/gcc/x86_64-pc-linux-gnu/12.2.0/../../../../lib -L/lib/../lib -L/usr/lib/../lib -L/usr/lib/gcc/x86_64-pc-linux-gnu/12.2.0/../../.. CMakeFiles/cmTC_7e7d9.dir/CMakeCXXCompilerABI.cpp.o -lstdc++ -lm -lgcc_s -lgcc -lc -lgcc_s -lgcc /usr/lib/gcc/x86_64-pc-linux-gnu/12.2.0/crtendS.o /usr/lib/gcc/x86_64-pc-linux-gnu/12.2.0/../../../../lib/crtn.o]
    arg [/usr/lib/gcc/x86_64-pc-linux-gnu/12.2.0/collect2] ==> ignore
    arg [-plugin] ==> ignore
    arg [/usr/lib/gcc/x86_64-pc-linux-gnu/12.2.0/liblto_plugin.so] ==> ignore
    arg [-plugin-opt=/usr/lib/gcc/x86_64-pc-linux-gnu/12.2.0/lto-wrapper] ==> ignore
    arg [-plugin-opt=-fresolution=/tmp/cc8lTVOu.res] ==> ignore
    arg [-plugin-opt=-pass-through=-lgcc_s] ==> ignore
    arg [-plugin-opt=-pass-through=-lgcc] ==> ignore
    arg [-plugin-opt=-pass-through=-lc] ==> ignore
    arg [-plugin-opt=-pass-through=-lgcc_s] ==> ignore
    arg [-plugin-opt=-pass-through=-lgcc] ==> ignore
    arg [--build-id] ==> ignore
    arg [--eh-frame-hdr] ==> ignore
    arg [--hash-style=gnu] ==> ignore
    arg [-m] ==> ignore
    arg [elf_x86_64] ==> ignore
    arg [-export-dynamic] ==> ignore
    arg [-dynamic-linker] ==> ignore
    arg [/lib64/ld-linux-x86-64.so.2] ==> ignore
    arg [-pie] ==> ignore
    arg [-o] ==> ignore
    arg [cmTC_7e7d9] ==> ignore
    arg [/usr/lib/gcc/x86_64-pc-linux-gnu/12.2.0/../../../../lib/Scrt1.o] ==> obj [/usr/lib/gcc/x86_64-pc-linux-gnu/12.2.0/../../../../lib/Scrt1.o]
    arg [/usr/lib/gcc/x86_64-pc-linux-gnu/12.2.0/../../../../lib/crti.o] ==> obj [/usr/lib/gcc/x86_64-pc-linux-gnu/12.2.0/../../../../lib/crti.o]
    arg [/usr/lib/gcc/x86_64-pc-linux-gnu/12.2.0/crtbeginS.o] ==> obj [/usr/lib/gcc/x86_64-pc-linux-gnu/12.2.0/crtbeginS.o]
    arg [-L/usr/lib/gcc/x86_64-pc-linux-gnu/12.2.0] ==> dir [/usr/lib/gcc/x86_64-pc-linux-gnu/12.2.0]
    arg [-L/usr/lib/gcc/x86_64-pc-linux-gnu/12.2.0/../../../../lib] ==> dir [/usr/lib/gcc/x86_64-pc-linux-gnu/12.2.0/../../../../lib]
    arg [-L/lib/../lib] ==> dir [/lib/../lib]
    arg [-L/usr/lib/../lib] ==> dir [/usr/lib/../lib]
    arg [-L/usr/lib/gcc/x86_64-pc-linux-gnu/12.2.0/../../..] ==> dir [/usr/lib/gcc/x86_64-pc-linux-gnu/12.2.0/../../..]
    arg [CMakeFiles/cmTC_7e7d9.dir/CMakeCXXCompilerABI.cpp.o] ==> ignore
    arg [-lstdc++] ==> lib [stdc++]
    arg [-lm] ==> lib [m]
    arg [-lgcc_s] ==> lib [gcc_s]
    arg [-lgcc] ==> lib [gcc]
    arg [-lc] ==> lib [c]
    arg [-lgcc_s] ==> lib [gcc_s]
    arg [-lgcc] ==> lib [gcc]
    arg [/usr/lib/gcc/x86_64-pc-linux-gnu/12.2.0/crtendS.o] ==> obj [/usr/lib/gcc/x86_64-pc-linux-gnu/12.2.0/crtendS.o]
    arg [/usr/lib/gcc/x86_64-pc-linux-gnu/12.2.0/../../../../lib/crtn.o] ==> obj [/usr/lib/gcc/x86_64-pc-linux-gnu/12.2.0/../../../../lib/crtn.o]
  collapse obj [/usr/lib/gcc/x86_64-pc-linux-gnu/12.2.0/../../../../lib/Scrt1.o] ==> [/usr/lib/Scrt1.o]
  collapse obj [/usr/lib/gcc/x86_64-pc-linux-gnu/12.2.0/../../../../lib/crti.o] ==> [/usr/lib/crti.o]
  collapse obj [/usr/lib/gcc/x86_64-pc-linux-gnu/12.2.0/../../../../lib/crtn.o] ==> [/usr/lib/crtn.o]
  collapse library dir [/usr/lib/gcc/x86_64-pc-linux-gnu/12.2.0] ==> [/usr/lib/gcc/x86_64-pc-linux-gnu/12.2.0]
  collapse library dir [/usr/lib/gcc/x86_64-pc-linux-gnu/12.2.0/../../../../lib] ==> [/usr/lib]
  collapse library dir [/lib/../lib] ==> [/lib]
  collapse library dir [/usr/lib/../lib] ==> [/usr/lib]
  collapse library dir [/usr/lib/gcc/x86_64-pc-linux-gnu/12.2.0/../../..] ==> [/usr/lib]
  implicit libs: [stdc++;m;gcc_s;gcc;c;gcc_s;gcc]
  implicit objs: [/usr/lib/Scrt1.o;/usr/lib/crti.o;/usr/lib/gcc/x86_64-pc-linux-gnu/12.2.0/crtbeginS.o;/usr/lib/gcc/x86_64-pc-linux-gnu/12.2.0/crtendS.o;/usr/lib/crtn.o]
  implicit dirs: [/usr/lib/gcc/x86_64-pc-linux-gnu/12.2.0;/usr/lib;/lib]
  implicit fwks: []


Determining if the include file sys/types.h exists passed with the following output:
Change Dir: /home/morpheus/src/repos/BingoChado/GeorgeLink/client/target/debug/build/fltk-sys-c5ccceb078dc21ed/out/build/CMakeFiles/CMakeTmp

Run Build Command(s):/usr/bin/make -f Makefile cmTC_84a69/fast && /usr/bin/make  -f CMakeFiles/cmTC_84a69.dir/build.make CMakeFiles/cmTC_84a69.dir/build
make[1]: Entering directory '/home/morpheus/src/repos/BingoChado/GeorgeLink/client/target/debug/build/fltk-sys-c5ccceb078dc21ed/out/build/CMakeFiles/CMakeTmp'
Building C object CMakeFiles/cmTC_84a69.dir/CheckIncludeFile.c.o
/usr/bin/cc   -ffunction-sections -fdata-sections -fPIC -m64  -o CMakeFiles/cmTC_84a69.dir/CheckIncludeFile.c.o -c /home/morpheus/src/repos/BingoChado/GeorgeLink/client/target/debug/build/fltk-sys-c5ccceb078dc21ed/out/build/CMakeFiles/CMakeTmp/CheckIncludeFile.c
Linking C executable cmTC_84a69
/usr/bin/cmake -E cmake_link_script CMakeFiles/cmTC_84a69.dir/link.txt --verbose=1
/usr/bin/cc  -ffunction-sections -fdata-sections -fPIC -m64  -rdynamic CMakeFiles/cmTC_84a69.dir/CheckIncludeFile.c.o -o cmTC_84a69 
make[1]: Leaving directory '/home/morpheus/src/repos/BingoChado/GeorgeLink/client/target/debug/build/fltk-sys-c5ccceb078dc21ed/out/build/CMakeFiles/CMakeTmp'



Determining if the include file stdint.h exists passed with the following output:
Change Dir: /home/morpheus/src/repos/BingoChado/GeorgeLink/client/target/debug/build/fltk-sys-c5ccceb078dc21ed/out/build/CMakeFiles/CMakeTmp

Run Build Command(s):/usr/bin/make -f Makefile cmTC_b7bf4/fast && /usr/bin/make  -f CMakeFiles/cmTC_b7bf4.dir/build.make CMakeFiles/cmTC_b7bf4.dir/build
make[1]: Entering directory '/home/morpheus/src/repos/BingoChado/GeorgeLink/client/target/debug/build/fltk-sys-c5ccceb078dc21ed/out/build/CMakeFiles/CMakeTmp'
Building C object CMakeFiles/cmTC_b7bf4.dir/CheckIncludeFile.c.o
/usr/bin/cc   -ffunction-sections -fdata-sections -fPIC -m64  -o CMakeFiles/cmTC_b7bf4.dir/CheckIncludeFile.c.o -c /home/morpheus/src/repos/BingoChado/GeorgeLink/client/target/debug/build/fltk-sys-c5ccceb078dc21ed/out/build/CMakeFiles/CMakeTmp/CheckIncludeFile.c
Linking C executable cmTC_b7bf4
/usr/bin/cmake -E cmake_link_script CMakeFiles/cmTC_b7bf4.dir/link.txt --verbose=1
/usr/bin/cc  -ffunction-sections -fdata-sections -fPIC -m64  -rdynamic CMakeFiles/cmTC_b7bf4.dir/CheckIncludeFile.c.o -o cmTC_b7bf4 
make[1]: Leaving directory '/home/morpheus/src/repos/BingoChado/GeorgeLink/client/target/debug/build/fltk-sys-c5ccceb078dc21ed/out/build/CMakeFiles/CMakeTmp'



Determining if the include file stddef.h exists passed with the following output:
Change Dir: /home/morpheus/src/repos/BingoChado/GeorgeLink/client/target/debug/build/fltk-sys-c5ccceb078dc21ed/out/build/CMakeFiles/CMakeTmp

Run Build Command(s):/usr/bin/make -f Makefile cmTC_d85df/fast && /usr/bin/make  -f CMakeFiles/cmTC_d85df.dir/build.make CMakeFiles/cmTC_d85df.dir/build
make[1]: Entering directory '/home/morpheus/src/repos/BingoChado/GeorgeLink/client/target/debug/build/fltk-sys-c5ccceb078dc21ed/out/build/CMakeFiles/CMakeTmp'
Building C object CMakeFiles/cmTC_d85df.dir/CheckIncludeFile.c.o
/usr/bin/cc   -ffunction-sections -fdata-sections -fPIC -m64  -o CMakeFiles/cmTC_d85df.dir/CheckIncludeFile.c.o -c /home/morpheus/src/repos/BingoChado/GeorgeLink/client/target/debug/build/fltk-sys-c5ccceb078dc21ed/out/build/CMakeFiles/CMakeTmp/CheckIncludeFile.c
Linking C executable cmTC_d85df
/usr/bin/cmake -E cmake_link_script CMakeFiles/cmTC_d85df.dir/link.txt --verbose=1
/usr/bin/cc  -ffunction-sections -fdata-sections -fPIC -m64  -rdynamic CMakeFiles/cmTC_d85df.dir/CheckIncludeFile.c.o -o cmTC_d85df 
make[1]: Leaving directory '/home/morpheus/src/repos/BingoChado/GeorgeLink/client/target/debug/build/fltk-sys-c5ccceb078dc21ed/out/build/CMakeFiles/CMakeTmp'



Determining size of short passed with the following output:
Change Dir: /home/morpheus/src/repos/BingoChado/GeorgeLink/client/target/debug/build/fltk-sys-c5ccceb078dc21ed/out/build/CMakeFiles/CMakeTmp

Run Build Command(s):/usr/bin/make -f Makefile cmTC_88588/fast && /usr/bin/make  -f CMakeFiles/cmTC_88588.dir/build.make CMakeFiles/cmTC_88588.dir/build
make[1]: Entering directory '/home/morpheus/src/repos/BingoChado/GeorgeLink/client/target/debug/build/fltk-sys-c5ccceb078dc21ed/out/build/CMakeFiles/CMakeTmp'
Building C object CMakeFiles/cmTC_88588.dir/SIZEOF_SHORT.c.o
/usr/bin/cc   -ffunction-sections -fdata-sections -fPIC -m64  -o CMakeFiles/cmTC_88588.dir/SIZEOF_SHORT.c.o -c /home/morpheus/src/repos/BingoChado/GeorgeLink/client/target/debug/build/fltk-sys-c5ccceb078dc21ed/out/build/CMakeFiles/CheckTypeSize/SIZEOF_SHORT.c
Linking C executable cmTC_88588
/usr/bin/cmake -E cmake_link_script CMakeFiles/cmTC_88588.dir/link.txt --verbose=1
/usr/bin/cc  -ffunction-sections -fdata-sections -fPIC -m64  -rdynamic CMakeFiles/cmTC_88588.dir/SIZEOF_SHORT.c.o -o cmTC_88588 
make[1]: Leaving directory '/home/morpheus/src/repos/BingoChado/GeorgeLink/client/target/debug/build/fltk-sys-c5ccceb078dc21ed/out/build/CMakeFiles/CMakeTmp'



Determining size of int passed with the following output:
Change Dir: /home/morpheus/src/repos/BingoChado/GeorgeLink/client/target/debug/build/fltk-sys-c5ccceb078dc21ed/out/build/CMakeFiles/CMakeTmp

Run Build Command(s):/usr/bin/make -f Makefile cmTC_3f4a0/fast && /usr/bin/make  -f CMakeFiles/cmTC_3f4a0.dir/build.make CMakeFiles/cmTC_3f4a0.dir/build
make[1]: Entering directory '/home/morpheus/src/repos/BingoChado/GeorgeLink/client/target/debug/build/fltk-sys-c5ccceb078dc21ed/out/build/CMakeFiles/CMakeTmp'
Building C object CMakeFiles/cmTC_3f4a0.dir/SIZEOF_INT.c.o
/usr/bin/cc   -ffunction-sections -fdata-sections -fPIC -m64  -o CMakeFiles/cmTC_3f4a0.dir/SIZEOF_INT.c.o -c /home/morpheus/src/repos/BingoChado/GeorgeLink/client/target/debug/build/fltk-sys-c5ccceb078dc21ed/out/build/CMakeFiles/CheckTypeSize/SIZEOF_INT.c
Linking C executable cmTC_3f4a0
/usr/bin/cmake -E cmake_link_script CMakeFiles/cmTC_3f4a0.dir/link.txt --verbose=1
/usr/bin/cc  -ffunction-sections -fdata-sections -fPIC -m64  -rdynamic CMakeFiles/cmTC_3f4a0.dir/SIZEOF_INT.c.o -o cmTC_3f4a0 
make[1]: Leaving directory '/home/morpheus/src/repos/BingoChado/GeorgeLink/client/target/debug/build/fltk-sys-c5ccceb078dc21ed/out/build/CMakeFiles/CMakeTmp'



Determining size of long passed with the following output:
Change Dir: /home/morpheus/src/repos/BingoChado/GeorgeLink/client/target/debug/build/fltk-sys-c5ccceb078dc21ed/out/build/CMakeFiles/CMakeTmp

Run Build Command(s):/usr/bin/make -f Makefile cmTC_a8ccf/fast && /usr/bin/make  -f CMakeFiles/cmTC_a8ccf.dir/build.make CMakeFiles/cmTC_a8ccf.dir/build
make[1]: Entering directory '/home/morpheus/src/repos/BingoChado/GeorgeLink/client/target/debug/build/fltk-sys-c5ccceb078dc21ed/out/build/CMakeFiles/CMakeTmp'
Building C object CMakeFiles/cmTC_a8ccf.dir/SIZEOF_LONG.c.o
/usr/bin/cc   -ffunction-sections -fdata-sections -fPIC -m64  -o CMakeFiles/cmTC_a8ccf.dir/SIZEOF_LONG.c.o -c /home/morpheus/src/repos/BingoChado/GeorgeLink/client/target/debug/build/fltk-sys-c5ccceb078dc21ed/out/build/CMakeFiles/CheckTypeSize/SIZEOF_LONG.c
Linking C executable cmTC_a8ccf
/usr/bin/cmake -E cmake_link_script CMakeFiles/cmTC_a8ccf.dir/link.txt --verbose=1
/usr/bin/cc  -ffunction-sections -fdata-sections -fPIC -m64  -rdynamic CMakeFiles/cmTC_a8ccf.dir/SIZEOF_LONG.c.o -o cmTC_a8ccf 
make[1]: Leaving directory '/home/morpheus/src/repos/BingoChado/GeorgeLink/client/target/debug/build/fltk-sys-c5ccceb078dc21ed/out/build/CMakeFiles/CMakeTmp'



Determining size of long long passed with the following output:
Change Dir: /home/morpheus/src/repos/BingoChado/GeorgeLink/client/target/debug/build/fltk-sys-c5ccceb078dc21ed/out/build/CMakeFiles/CMakeTmp

Run Build Command(s):/usr/bin/make -f Makefile cmTC_7d056/fast && /usr/bin/make  -f CMakeFiles/cmTC_7d056.dir/build.make CMakeFiles/cmTC_7d056.dir/build
make[1]: Entering directory '/home/morpheus/src/repos/BingoChado/GeorgeLink/client/target/debug/build/fltk-sys-c5ccceb078dc21ed/out/build/CMakeFiles/CMakeTmp'
Building C object CMakeFiles/cmTC_7d056.dir/HAVE_LONG_LONG.c.o
/usr/bin/cc   -ffunction-sections -fdata-sections -fPIC -m64  -o CMakeFiles/cmTC_7d056.dir/HAVE_LONG_LONG.c.o -c /home/morpheus/src/repos/BingoChado/GeorgeLink/client/target/debug/build/fltk-sys-c5ccceb078dc21ed/out/build/CMakeFiles/CheckTypeSize/HAVE_LONG_LONG.c
Linking C executable cmTC_7d056
/usr/bin/cmake -E cmake_link_script CMakeFiles/cmTC_7d056.dir/link.txt --verbose=1
/usr/bin/cc  -ffunction-sections -fdata-sections -fPIC -m64  -rdynamic CMakeFiles/cmTC_7d056.dir/HAVE_LONG_LONG.c.o -o cmTC_7d056 
make[1]: Leaving directory '/home/morpheus/src/repos/BingoChado/GeorgeLink/client/target/debug/build/fltk-sys-c5ccceb078dc21ed/out/build/CMakeFiles/CMakeTmp'



Determining if files alsa/asoundlib.h exist passed with the following output:
Change Dir: /home/morpheus/src/repos/BingoChado/GeorgeLink/client/target/debug/build/fltk-sys-c5ccceb078dc21ed/out/build/CMakeFiles/CMakeTmp

Run Build Command(s):/usr/bin/make -f Makefile cmTC_3f8ad/fast && /usr/bin/make  -f CMakeFiles/cmTC_3f8ad.dir/build.make CMakeFiles/cmTC_3f8ad.dir/build
make[1]: Entering directory '/home/morpheus/src/repos/BingoChado/GeorgeLink/client/target/debug/build/fltk-sys-c5ccceb078dc21ed/out/build/CMakeFiles/CMakeTmp'
Building C object CMakeFiles/cmTC_3f8ad.dir/HAVE_ALSA_ASOUNDLIB_H.c.o
/usr/bin/cc   -ffunction-sections -fdata-sections -fPIC -m64  -o CMakeFiles/cmTC_3f8ad.dir/HAVE_ALSA_ASOUNDLIB_H.c.o -c /home/morpheus/src/repos/BingoChado/GeorgeLink/client/target/debug/build/fltk-sys-c5ccceb078dc21ed/out/build/CMakeFiles/CheckIncludeFiles/HAVE_ALSA_ASOUNDLIB_H.c
Linking C executable cmTC_3f8ad
/usr/bin/cmake -E cmake_link_script CMakeFiles/cmTC_3f8ad.dir/link.txt --verbose=1
/usr/bin/cc  -ffunction-sections -fdata-sections -fPIC -m64  -rdynamic CMakeFiles/cmTC_3f8ad.dir/HAVE_ALSA_ASOUNDLIB_H.c.o -o cmTC_3f8ad 
make[1]: Leaving directory '/home/morpheus/src/repos/BingoChado/GeorgeLink/client/target/debug/build/fltk-sys-c5ccceb078dc21ed/out/build/CMakeFiles/CMakeTmp'



Determining if files dlfcn.h exist passed with the following output:
Change Dir: /home/morpheus/src/repos/BingoChado/GeorgeLink/client/target/debug/build/fltk-sys-c5ccceb078dc21ed/out/build/CMakeFiles/CMakeTmp

Run Build Command(s):/usr/bin/make -f Makefile cmTC_da6fc/fast && /usr/bin/make  -f CMakeFiles/cmTC_da6fc.dir/build.make CMakeFiles/cmTC_da6fc.dir/build
make[1]: Entering directory '/home/morpheus/src/repos/BingoChado/GeorgeLink/client/target/debug/build/fltk-sys-c5ccceb078dc21ed/out/build/CMakeFiles/CMakeTmp'
Building C object CMakeFiles/cmTC_da6fc.dir/HAVE_DLFCN_H.c.o
/usr/bin/cc   -ffunction-sections -fdata-sections -fPIC -m64  -o CMakeFiles/cmTC_da6fc.dir/HAVE_DLFCN_H.c.o -c /home/morpheus/src/repos/BingoChado/GeorgeLink/client/target/debug/build/fltk-sys-c5ccceb078dc21ed/out/build/CMakeFiles/CheckIncludeFiles/HAVE_DLFCN_H.c
Linking C executable cmTC_da6fc
/usr/bin/cmake -E cmake_link_script CMakeFiles/cmTC_da6fc.dir/link.txt --verbose=1
/usr/bin/cc  -ffunction-sections -fdata-sections -fPIC -m64  -rdynamic CMakeFiles/cmTC_da6fc.dir/HAVE_DLFCN_H.c.o -o cmTC_da6fc 
make[1]: Leaving directory '/home/morpheus/src/repos/BingoChado/GeorgeLink/client/target/debug/build/fltk-sys-c5ccceb078dc21ed/out/build/CMakeFiles/CMakeTmp'



Determining if files GL/glu.h exist passed with the following output:
Change Dir: /home/morpheus/src/repos/BingoChado/GeorgeLink/client/target/debug/build/fltk-sys-c5ccceb078dc21ed/out/build/CMakeFiles/CMakeTmp

Run Build Command(s):/usr/bin/make -f Makefile cmTC_24b7c/fast && /usr/bin/make  -f CMakeFiles/cmTC_24b7c.dir/build.make CMakeFiles/cmTC_24b7c.dir/build
make[1]: Entering directory '/home/morpheus/src/repos/BingoChado/GeorgeLink/client/target/debug/build/fltk-sys-c5ccceb078dc21ed/out/build/CMakeFiles/CMakeTmp'
Building C object CMakeFiles/cmTC_24b7c.dir/HAVE_GL_GLU_H.c.o
/usr/bin/cc   -ffunction-sections -fdata-sections -fPIC -m64  -o CMakeFiles/cmTC_24b7c.dir/HAVE_GL_GLU_H.c.o -c /home/morpheus/src/repos/BingoChado/GeorgeLink/client/target/debug/build/fltk-sys-c5ccceb078dc21ed/out/build/CMakeFiles/CheckIncludeFiles/HAVE_GL_GLU_H.c
Linking C executable cmTC_24b7c
/usr/bin/cmake -E cmake_link_script CMakeFiles/cmTC_24b7c.dir/link.txt --verbose=1
/usr/bin/cc  -ffunction-sections -fdata-sections -fPIC -m64  -rdynamic CMakeFiles/cmTC_24b7c.dir/HAVE_GL_GLU_H.c.o -o cmTC_24b7c 
make[1]: Leaving directory '/home/morpheus/src/repos/BingoChado/GeorgeLink/client/target/debug/build/fltk-sys-c5ccceb078dc21ed/out/build/CMakeFiles/CMakeTmp'



Determining if files locale.h exist passed with the following output:
Change Dir: /home/morpheus/src/repos/BingoChado/GeorgeLink/client/target/debug/build/fltk-sys-c5ccceb078dc21ed/out/build/CMakeFiles/CMakeTmp

Run Build Command(s):/usr/bin/make -f Makefile cmTC_21f63/fast && /usr/bin/make  -f CMakeFiles/cmTC_21f63.dir/build.make CMakeFiles/cmTC_21f63.dir/build
make[1]: Entering directory '/home/morpheus/src/repos/BingoChado/GeorgeLink/client/target/debug/build/fltk-sys-c5ccceb078dc21ed/out/build/CMakeFiles/CMakeTmp'
Building C object CMakeFiles/cmTC_21f63.dir/HAVE_LOCALE_H.c.o
/usr/bin/cc   -ffunction-sections -fdata-sections -fPIC -m64  -o CMakeFiles/cmTC_21f63.dir/HAVE_LOCALE_H.c.o -c /home/morpheus/src/repos/BingoChado/GeorgeLink/client/target/debug/build/fltk-sys-c5ccceb078dc21ed/out/build/CMakeFiles/CheckIncludeFiles/HAVE_LOCALE_H.c
Linking C executable cmTC_21f63
/usr/bin/cmake -E cmake_link_script CMakeFiles/cmTC_21f63.dir/link.txt --verbose=1
/usr/bin/cc  -ffunction-sections -fdata-sections -fPIC -m64  -rdynamic CMakeFiles/cmTC_21f63.dir/HAVE_LOCALE_H.c.o -o cmTC_21f63 
make[1]: Leaving directory '/home/morpheus/src/repos/BingoChado/GeorgeLink/client/target/debug/build/fltk-sys-c5ccceb078dc21ed/out/build/CMakeFiles/CMakeTmp'



Determining if files stdio.h exist passed with the following output:
Change Dir: /home/morpheus/src/repos/BingoChado/GeorgeLink/client/target/debug/build/fltk-sys-c5ccceb078dc21ed/out/build/CMakeFiles/CMakeTmp

Run Build Command(s):/usr/bin/make -f Makefile cmTC_5b971/fast && /usr/bin/make  -f CMakeFiles/cmTC_5b971.dir/build.make CMakeFiles/cmTC_5b971.dir/build
make[1]: Entering directory '/home/morpheus/src/repos/BingoChado/GeorgeLink/client/target/debug/build/fltk-sys-c5ccceb078dc21ed/out/build/CMakeFiles/CMakeTmp'
Building C object CMakeFiles/cmTC_5b971.dir/HAVE_STDIO_H.c.o
/usr/bin/cc   -ffunction-sections -fdata-sections -fPIC -m64  -o CMakeFiles/cmTC_5b971.dir/HAVE_STDIO_H.c.o -c /home/morpheus/src/repos/BingoChado/GeorgeLink/client/target/debug/build/fltk-sys-c5ccceb078dc21ed/out/build/CMakeFiles/CheckIncludeFiles/HAVE_STDIO_H.c
Linking C executable cmTC_5b971
/usr/bin/cmake -E cmake_link_script CMakeFiles/cmTC_5b971.dir/link.txt --verbose=1
/usr/bin/cc  -ffunction-sections -fdata-sections -fPIC -m64  -rdynamic CMakeFiles/cmTC_5b971.dir/HAVE_STDIO_H.c.o -o cmTC_5b971 
make[1]: Leaving directory '/home/morpheus/src/repos/BingoChado/GeorgeLink/client/target/debug/build/fltk-sys-c5ccceb078dc21ed/out/build/CMakeFiles/CMakeTmp'



Determining if files strings.h exist passed with the following output:
Change Dir: /home/morpheus/src/repos/BingoChado/GeorgeLink/client/target/debug/build/fltk-sys-c5ccceb078dc21ed/out/build/CMakeFiles/CMakeTmp

Run Build Command(s):/usr/bin/make -f Makefile cmTC_4c140/fast && /usr/bin/make  -f CMakeFiles/cmTC_4c140.dir/build.make CMakeFiles/cmTC_4c140.dir/build
make[1]: Entering directory '/home/morpheus/src/repos/BingoChado/GeorgeLink/client/target/debug/build/fltk-sys-c5ccceb078dc21ed/out/build/CMakeFiles/CMakeTmp'
Building C object CMakeFiles/cmTC_4c140.dir/HAVE_STRINGS_H.c.o
/usr/bin/cc   -ffunction-sections -fdata-sections -fPIC -m64  -o CMakeFiles/cmTC_4c140.dir/HAVE_STRINGS_H.c.o -c /home/morpheus/src/repos/BingoChado/GeorgeLink/client/target/debug/build/fltk-sys-c5ccceb078dc21ed/out/build/CMakeFiles/CheckIncludeFiles/HAVE_STRINGS_H.c
Linking C executable cmTC_4c140
/usr/bin/cmake -E cmake_link_script CMakeFiles/cmTC_4c140.dir/link.txt --verbose=1
/usr/bin/cc  -ffunction-sections -fdata-sections -fPIC -m64  -rdynamic CMakeFiles/cmTC_4c140.dir/HAVE_STRINGS_H.c.o -o cmTC_4c140 
make[1]: Leaving directory '/home/morpheus/src/repos/BingoChado/GeorgeLink/client/target/debug/build/fltk-sys-c5ccceb078dc21ed/out/build/CMakeFiles/CMakeTmp'



Determining if files sys/select.h exist passed with the following output:
Change Dir: /home/morpheus/src/repos/BingoChado/GeorgeLink/client/target/debug/build/fltk-sys-c5ccceb078dc21ed/out/build/CMakeFiles/CMakeTmp

Run Build Command(s):/usr/bin/make -f Makefile cmTC_5f19b/fast && /usr/bin/make  -f CMakeFiles/cmTC_5f19b.dir/build.make CMakeFiles/cmTC_5f19b.dir/build
make[1]: Entering directory '/home/morpheus/src/repos/BingoChado/GeorgeLink/client/target/debug/build/fltk-sys-c5ccceb078dc21ed/out/build/CMakeFiles/CMakeTmp'
Building C object CMakeFiles/cmTC_5f19b.dir/HAVE_SYS_SELECT_H.c.o
/usr/bin/cc   -ffunction-sections -fdata-sections -fPIC -m64  -o CMakeFiles/cmTC_5f19b.dir/HAVE_SYS_SELECT_H.c.o -c /home/morpheus/src/repos/BingoChado/GeorgeLink/client/target/debug/build/fltk-sys-c5ccceb078dc21ed/out/build/CMakeFiles/CheckIncludeFiles/HAVE_SYS_SELECT_H.c
Linking C executable cmTC_5f19b
/usr/bin/cmake -E cmake_link_script CMakeFiles/cmTC_5f19b.dir/link.txt --verbose=1
/usr/bin/cc  -ffunction-sections -fdata-sections -fPIC -m64  -rdynamic CMakeFiles/cmTC_5f19b.dir/HAVE_SYS_SELECT_H.c.o -o cmTC_5f19b 
make[1]: Leaving directory '/home/morpheus/src/repos/BingoChado/GeorgeLink/client/target/debug/build/fltk-sys-c5ccceb078dc21ed/out/build/CMakeFiles/CMakeTmp'



Determining if files X11/Xlib.h;X11/Xregion.h exist passed with the following output:
Change Dir: /home/morpheus/src/repos/BingoChado/GeorgeLink/client/target/debug/build/fltk-sys-c5ccceb078dc21ed/out/build/CMakeFiles/CMakeTmp

Run Build Command(s):/usr/bin/make -f Makefile cmTC_77996/fast && /usr/bin/make  -f CMakeFiles/cmTC_77996.dir/build.make CMakeFiles/cmTC_77996.dir/build
make[1]: Entering directory '/home/morpheus/src/repos/BingoChado/GeorgeLink/client/target/debug/build/fltk-sys-c5ccceb078dc21ed/out/build/CMakeFiles/CMakeTmp'
Building C object CMakeFiles/cmTC_77996.dir/HAVE_X11_XREGION_H.c.o
/usr/bin/cc   -ffunction-sections -fdata-sections -fPIC -m64  -o CMakeFiles/cmTC_77996.dir/HAVE_X11_XREGION_H.c.o -c /home/morpheus/src/repos/BingoChado/GeorgeLink/client/target/debug/build/fltk-sys-c5ccceb078dc21ed/out/build/CMakeFiles/CheckIncludeFiles/HAVE_X11_XREGION_H.c
Linking C executable cmTC_77996
/usr/bin/cmake -E cmake_link_script CMakeFiles/cmTC_77996.dir/link.txt --verbose=1
/usr/bin/cc  -ffunction-sections -fdata-sections -fPIC -m64  -rdynamic CMakeFiles/cmTC_77996.dir/HAVE_X11_XREGION_H.c.o -o cmTC_77996 
make[1]: Leaving directory '/home/morpheus/src/repos/BingoChado/GeorgeLink/client/target/debug/build/fltk-sys-c5ccceb078dc21ed/out/build/CMakeFiles/CMakeTmp'



Determining if files pthread.h exist passed with the following output:
Change Dir: /home/morpheus/src/repos/BingoChado/GeorgeLink/client/target/debug/build/fltk-sys-c5ccceb078dc21ed/out/build/CMakeFiles/CMakeTmp

Run Build Command(s):/usr/bin/make -f Makefile cmTC_fdd1b/fast && /usr/bin/make  -f CMakeFiles/cmTC_fdd1b.dir/build.make CMakeFiles/cmTC_fdd1b.dir/build
make[1]: Entering directory '/home/morpheus/src/repos/BingoChado/GeorgeLink/client/target/debug/build/fltk-sys-c5ccceb078dc21ed/out/build/CMakeFiles/CMakeTmp'
Building C object CMakeFiles/cmTC_fdd1b.dir/HAVE_PTHREAD_H.c.o
/usr/bin/cc   -ffunction-sections -fdata-sections -fPIC -m64  -o CMakeFiles/cmTC_fdd1b.dir/HAVE_PTHREAD_H.c.o -c /home/morpheus/src/repos/BingoChado/GeorgeLink/client/target/debug/build/fltk-sys-c5ccceb078dc21ed/out/build/CMakeFiles/CheckIncludeFiles/HAVE_PTHREAD_H.c
Linking C executable cmTC_fdd1b
/usr/bin/cmake -E cmake_link_script CMakeFiles/cmTC_fdd1b.dir/link.txt --verbose=1
/usr/bin/cc  -ffunction-sections -fdata-sections -fPIC -m64  -rdynamic CMakeFiles/cmTC_fdd1b.dir/HAVE_PTHREAD_H.c.o -o cmTC_fdd1b 
make[1]: Leaving directory '/home/morpheus/src/repos/BingoChado/GeorgeLink/client/target/debug/build/fltk-sys-c5ccceb078dc21ed/out/build/CMakeFiles/CMakeTmp'



Determining if files dirent.h exist passed with the following output:
Change Dir: /home/morpheus/src/repos/BingoChado/GeorgeLink/client/target/debug/build/fltk-sys-c5ccceb078dc21ed/out/build/CMakeFiles/CMakeTmp

Run Build Command(s):/usr/bin/make -f Makefile cmTC_fd04a/fast && /usr/bin/make  -f CMakeFiles/cmTC_fd04a.dir/build.make CMakeFiles/cmTC_fd04a.dir/build
make[1]: Entering directory '/home/morpheus/src/repos/BingoChado/GeorgeLink/client/target/debug/build/fltk-sys-c5ccceb078dc21ed/out/build/CMakeFiles/CMakeTmp'
Building C object CMakeFiles/cmTC_fd04a.dir/HAVE_DIRENT_H.c.o
/usr/bin/cc   -ffunction-sections -fdata-sections -fPIC -m64  -o CMakeFiles/cmTC_fd04a.dir/HAVE_DIRENT_H.c.o -c /home/morpheus/src/repos/BingoChado/GeorgeLink/client/target/debug/build/fltk-sys-c5ccceb078dc21ed/out/build/CMakeFiles/CheckIncludeFiles/HAVE_DIRENT_H.c
Linking C executable cmTC_fd04a
/usr/bin/cmake -E cmake_link_script CMakeFiles/cmTC_fd04a.dir/link.txt --verbose=1
/usr/bin/cc  -ffunction-sections -fdata-sections -fPIC -m64  -rdynamic CMakeFiles/cmTC_fd04a.dir/HAVE_DIRENT_H.c.o -o cmTC_fd04a 
make[1]: Leaving directory '/home/morpheus/src/repos/BingoChado/GeorgeLink/client/target/debug/build/fltk-sys-c5ccceb078dc21ed/out/build/CMakeFiles/CMakeTmp'



Determining if the function dlsym exists passed with the following output:
Change Dir: /home/morpheus/src/repos/BingoChado/GeorgeLink/client/target/debug/build/fltk-sys-c5ccceb078dc21ed/out/build/CMakeFiles/CMakeTmp

Run Build Command(s):/usr/bin/make -f Makefile cmTC_2036d/fast && /usr/bin/make  -f CMakeFiles/cmTC_2036d.dir/build.make CMakeFiles/cmTC_2036d.dir/build
make[1]: Entering directory '/home/morpheus/src/repos/BingoChado/GeorgeLink/client/target/debug/build/fltk-sys-c5ccceb078dc21ed/out/build/CMakeFiles/CMakeTmp'
Building C object CMakeFiles/cmTC_2036d.dir/CheckFunctionExists.c.o
/usr/bin/cc   -ffunction-sections -fdata-sections -fPIC -m64 -DCHECK_FUNCTION_EXISTS=dlsym -o CMakeFiles/cmTC_2036d.dir/CheckFunctionExists.c.o -c /usr/share/cmake/Modules/CheckFunctionExists.c
Linking C executable cmTC_2036d
/usr/bin/cmake -E cmake_link_script CMakeFiles/cmTC_2036d.dir/link.txt --verbose=1
/usr/bin/cc  -ffunction-sections -fdata-sections -fPIC -m64 -DCHECK_FUNCTION_EXISTS=dlsym -rdynamic CMakeFiles/cmTC_2036d.dir/CheckFunctionExists.c.o -o cmTC_2036d  -ldl 
make[1]: Leaving directory '/home/morpheus/src/repos/BingoChado/GeorgeLink/client/target/debug/build/fltk-sys-c5ccceb078dc21ed/out/build/CMakeFiles/CMakeTmp'



Determining if the function localeconv exists passed with the following output:
Change Dir: /home/morpheus/src/repos/BingoChado/GeorgeLink/client/target/debug/build/fltk-sys-c5ccceb078dc21ed/out/build/CMakeFiles/CMakeTmp

Run Build Command(s):/usr/bin/make -f Makefile cmTC_64988/fast && /usr/bin/make  -f CMakeFiles/cmTC_64988.dir/build.make CMakeFiles/cmTC_64988.dir/build
make[1]: Entering directory '/home/morpheus/src/repos/BingoChado/GeorgeLink/client/target/debug/build/fltk-sys-c5ccceb078dc21ed/out/build/CMakeFiles/CMakeTmp'
Building C object CMakeFiles/cmTC_64988.dir/CheckFunctionExists.c.o
/usr/bin/cc   -ffunction-sections -fdata-sections -fPIC -m64 -DCHECK_FUNCTION_EXISTS=localeconv -o CMakeFiles/cmTC_64988.dir/CheckFunctionExists.c.o -c /usr/share/cmake/Modules/CheckFunctionExists.c
Linking C executable cmTC_64988
/usr/bin/cmake -E cmake_link_script CMakeFiles/cmTC_64988.dir/link.txt --verbose=1
/usr/bin/cc  -ffunction-sections -fdata-sections -fPIC -m64 -DCHECK_FUNCTION_EXISTS=localeconv -rdynamic CMakeFiles/cmTC_64988.dir/CheckFunctionExists.c.o -o cmTC_64988 
make[1]: Leaving directory '/home/morpheus/src/repos/BingoChado/GeorgeLink/client/target/debug/build/fltk-sys-c5ccceb078dc21ed/out/build/CMakeFiles/CMakeTmp'



Determining if the function png_get_valid exists passed with the following output:
Change Dir: /home/morpheus/src/repos/BingoChado/GeorgeLink/client/target/debug/build/fltk-sys-c5ccceb078dc21ed/out/build/CMakeFiles/CMakeTmp

Run Build Command(s):/usr/bin/make -f Makefile cmTC_4a12c/fast && /usr/bin/make  -f CMakeFiles/cmTC_4a12c.dir/build.make CMakeFiles/cmTC_4a12c.dir/build
make[1]: Entering directory '/home/morpheus/src/repos/BingoChado/GeorgeLink/client/target/debug/build/fltk-sys-c5ccceb078dc21ed/out/build/CMakeFiles/CMakeTmp'
Building C object CMakeFiles/cmTC_4a12c.dir/CheckFunctionExists.c.o
/usr/bin/cc   -ffunction-sections -fdata-sections -fPIC -m64 -DCHECK_FUNCTION_EXISTS=png_get_valid -o CMakeFiles/cmTC_4a12c.dir/CheckFunctionExists.c.o -c /usr/share/cmake/Modules/CheckFunctionExists.c
Linking C executable cmTC_4a12c
/usr/bin/cmake -E cmake_link_script CMakeFiles/cmTC_4a12c.dir/link.txt --verbose=1
/usr/bin/cc  -ffunction-sections -fdata-sections -fPIC -m64 -DCHECK_FUNCTION_EXISTS=png_get_valid -rdynamic CMakeFiles/cmTC_4a12c.dir/CheckFunctionExists.c.o -o cmTC_4a12c  /usr/lib/libpng.so 
make[1]: Leaving directory '/home/morpheus/src/repos/BingoChado/GeorgeLink/client/target/debug/build/fltk-sys-c5ccceb078dc21ed/out/build/CMakeFiles/CMakeTmp'



Determining if the function png_set_tRNS_to_alpha exists passed with the following output:
Change Dir: /home/morpheus/src/repos/BingoChado/GeorgeLink/client/target/debug/build/fltk-sys-c5ccceb078dc21ed/out/build/CMakeFiles/CMakeTmp

Run Build Command(s):/usr/bin/make -f Makefile cmTC_2979e/fast && /usr/bin/make  -f CMakeFiles/cmTC_2979e.dir/build.make CMakeFiles/cmTC_2979e.dir/build
make[1]: Entering directory '/home/morpheus/src/repos/BingoChado/GeorgeLink/client/target/debug/build/fltk-sys-c5ccceb078dc21ed/out/build/CMakeFiles/CMakeTmp'
Building C object CMakeFiles/cmTC_2979e.dir/CheckFunctionExists.c.o
/usr/bin/cc   -ffunction-sections -fdata-sections -fPIC -m64 -DCHECK_FUNCTION_EXISTS=png_set_tRNS_to_alpha -o CMakeFiles/cmTC_2979e.dir/CheckFunctionExists.c.o -c /usr/share/cmake/Modules/CheckFunctionExists.c
Linking C executable cmTC_2979e
/usr/bin/cmake -E cmake_link_script CMakeFiles/cmTC_2979e.dir/link.txt --verbose=1
/usr/bin/cc  -ffunction-sections -fdata-sections -fPIC -m64 -DCHECK_FUNCTION_EXISTS=png_set_tRNS_to_alpha -rdynamic CMakeFiles/cmTC_2979e.dir/CheckFunctionExists.c.o -o cmTC_2979e  /usr/lib/libpng.so 
make[1]: Leaving directory '/home/morpheus/src/repos/BingoChado/GeorgeLink/client/target/debug/build/fltk-sys-c5ccceb078dc21ed/out/build/CMakeFiles/CMakeTmp'



Determining if the function scandir exists passed with the following output:
Change Dir: /home/morpheus/src/repos/BingoChado/GeorgeLink/client/target/debug/build/fltk-sys-c5ccceb078dc21ed/out/build/CMakeFiles/CMakeTmp

Run Build Command(s):/usr/bin/make -f Makefile cmTC_fe978/fast && /usr/bin/make  -f CMakeFiles/cmTC_fe978.dir/build.make CMakeFiles/cmTC_fe978.dir/build
make[1]: Entering directory '/home/morpheus/src/repos/BingoChado/GeorgeLink/client/target/debug/build/fltk-sys-c5ccceb078dc21ed/out/build/CMakeFiles/CMakeTmp'
Building C object CMakeFiles/cmTC_fe978.dir/CheckFunctionExists.c.o
/usr/bin/cc   -ffunction-sections -fdata-sections -fPIC -m64 -DCHECK_FUNCTION_EXISTS=scandir -o CMakeFiles/cmTC_fe978.dir/CheckFunctionExists.c.o -c /usr/share/cmake/Modules/CheckFunctionExists.c
Linking C executable cmTC_fe978
/usr/bin/cmake -E cmake_link_script CMakeFiles/cmTC_fe978.dir/link.txt --verbose=1
/usr/bin/cc  -ffunction-sections -fdata-sections -fPIC -m64 -DCHECK_FUNCTION_EXISTS=scandir -rdynamic CMakeFiles/cmTC_fe978.dir/CheckFunctionExists.c.o -o cmTC_fe978 
make[1]: Leaving directory '/home/morpheus/src/repos/BingoChado/GeorgeLink/client/target/debug/build/fltk-sys-c5ccceb078dc21ed/out/build/CMakeFiles/CMakeTmp'



Determining if the function snprintf exists passed with the following output:
Change Dir: /home/morpheus/src/repos/BingoChado/GeorgeLink/client/target/debug/build/fltk-sys-c5ccceb078dc21ed/out/build/CMakeFiles/CMakeTmp

Run Build Command(s):/usr/bin/make -f Makefile cmTC_2b4b2/fast && /usr/bin/make  -f CMakeFiles/cmTC_2b4b2.dir/build.make CMakeFiles/cmTC_2b4b2.dir/build
make[1]: Entering directory '/home/morpheus/src/repos/BingoChado/GeorgeLink/client/target/debug/build/fltk-sys-c5ccceb078dc21ed/out/build/CMakeFiles/CMakeTmp'
Building C object CMakeFiles/cmTC_2b4b2.dir/CheckFunctionExists.c.o
/usr/bin/cc   -ffunction-sections -fdata-sections -fPIC -m64 -DCHECK_FUNCTION_EXISTS=snprintf -o CMakeFiles/cmTC_2b4b2.dir/CheckFunctionExists.c.o -c /usr/share/cmake/Modules/CheckFunctionExists.c
<command-line>: warning: conflicting types for built-in function snprintf; expected int(char *, long unsigned int,  const char *, ...) [-Wbuiltin-declaration-mismatch]
/usr/share/cmake/Modules/CheckFunctionExists.c:7:3: note: in expansion of macro CHECK_FUNCTION_EXISTS
    7 |   CHECK_FUNCTION_EXISTS(void);
      |   ^~~~~~~~~~~~~~~~~~~~~
/usr/share/cmake/Modules/CheckFunctionExists.c:1:1: note: snprintf is declared in header <stdio.h>
  +++ |+#include <stdio.h>
    1 | #ifdef CHECK_FUNCTION_EXISTS
Linking C executable cmTC_2b4b2
/usr/bin/cmake -E cmake_link_script CMakeFiles/cmTC_2b4b2.dir/link.txt --verbose=1
/usr/bin/cc  -ffunction-sections -fdata-sections -fPIC -m64 -DCHECK_FUNCTION_EXISTS=snprintf -rdynamic CMakeFiles/cmTC_2b4b2.dir/CheckFunctionExists.c.o -o cmTC_2b4b2 
make[1]: Leaving directory '/home/morpheus/src/repos/BingoChado/GeorgeLink/client/target/debug/build/fltk-sys-c5ccceb078dc21ed/out/build/CMakeFiles/CMakeTmp'



Determining if the function strcasecmp exists passed with the following output:
Change Dir: /home/morpheus/src/repos/BingoChado/GeorgeLink/client/target/debug/build/fltk-sys-c5ccceb078dc21ed/out/build/CMakeFiles/CMakeTmp

Run Build Command(s):/usr/bin/make -f Makefile cmTC_48732/fast && /usr/bin/make  -f CMakeFiles/cmTC_48732.dir/build.make CMakeFiles/cmTC_48732.dir/build
make[1]: Entering directory '/home/morpheus/src/repos/BingoChado/GeorgeLink/client/target/debug/build/fltk-sys-c5ccceb078dc21ed/out/build/CMakeFiles/CMakeTmp'
Building C object CMakeFiles/cmTC_48732.dir/CheckFunctionExists.c.o
/usr/bin/cc   -ffunction-sections -fdata-sections -fPIC -m64 -DCHECK_FUNCTION_EXISTS=strcasecmp -o CMakeFiles/cmTC_48732.dir/CheckFunctionExists.c.o -c /usr/share/cmake/Modules/CheckFunctionExists.c
<command-line>: warning: conflicting types for built-in function strcasecmp; expected int(const char *, const char *) [-Wbuiltin-declaration-mismatch]
<command-line>: note: in definition of macro CHECK_FUNCTION_EXISTS
Linking C executable cmTC_48732
/usr/bin/cmake -E cmake_link_script CMakeFiles/cmTC_48732.dir/link.txt --verbose=1
/usr/bin/cc  -ffunction-sections -fdata-sections -fPIC -m64 -DCHECK_FUNCTION_EXISTS=strcasecmp -rdynamic CMakeFiles/cmTC_48732.dir/CheckFunctionExists.c.o -o cmTC_48732 
make[1]: Leaving directory '/home/morpheus/src/repos/BingoChado/GeorgeLink/client/target/debug/build/fltk-sys-c5ccceb078dc21ed/out/build/CMakeFiles/CMakeTmp'



Determining if the function vsnprintf exists passed with the following output:
Change Dir: /home/morpheus/src/repos/BingoChado/GeorgeLink/client/target/debug/build/fltk-sys-c5ccceb078dc21ed/out/build/CMakeFiles/CMakeTmp

Run Build Command(s):/usr/bin/make -f Makefile cmTC_238be/fast && /usr/bin/make  -f CMakeFiles/cmTC_238be.dir/build.make CMakeFiles/cmTC_238be.dir/build
make[1]: Entering directory '/home/morpheus/src/repos/BingoChado/GeorgeLink/client/target/debug/build/fltk-sys-c5ccceb078dc21ed/out/build/CMakeFiles/CMakeTmp'
Building C object CMakeFiles/cmTC_238be.dir/CheckFunctionExists.c.o
/usr/bin/cc   -ffunction-sections -fdata-sections -fPIC -m64 -DCHECK_FUNCTION_EXISTS=vsnprintf -o CMakeFiles/cmTC_238be.dir/CheckFunctionExists.c.o -c /usr/share/cmake/Modules/CheckFunctionExists.c
<command-line>: warning: conflicting types for built-in function vsnprintf; expected int(char *, long unsigned int,  const char *, __va_list_tag *) [-Wbuiltin-declaration-mismatch]
/usr/share/cmake/Modules/CheckFunctionExists.c:7:3: note: in expansion of macro CHECK_FUNCTION_EXISTS
    7 |   CHECK_FUNCTION_EXISTS(void);
      |   ^~~~~~~~~~~~~~~~~~~~~
/usr/share/cmake/Modules/CheckFunctionExists.c:1:1: note: vsnprintf is declared in header <stdio.h>
  +++ |+#include <stdio.h>
    1 | #ifdef CHECK_FUNCTION_EXISTS
Linking C executable cmTC_238be
/usr/bin/cmake -E cmake_link_script CMakeFiles/cmTC_238be.dir/link.txt --verbose=1
/usr/bin/cc  -ffunction-sections -fdata-sections -fPIC -m64 -DCHECK_FUNCTION_EXISTS=vsnprintf -rdynamic CMakeFiles/cmTC_238be.dir/CheckFunctionExists.c.o -o cmTC_238be 
make[1]: Leaving directory '/home/morpheus/src/repos/BingoChado/GeorgeLink/client/target/debug/build/fltk-sys-c5ccceb078dc21ed/out/build/CMakeFiles/CMakeTmp'



Determining if the function XOpenDisplay exists in the /usr/lib/libX11.so;/usr/lib/libXext.so passed with the following output:
Change Dir: /home/morpheus/src/repos/BingoChado/GeorgeLink/client/target/debug/build/fltk-sys-c5ccceb078dc21ed/out/build/CMakeFiles/CMakeTmp

Run Build Command(s):/usr/bin/make -f Makefile cmTC_df5f7/fast && /usr/bin/make  -f CMakeFiles/cmTC_df5f7.dir/build.make CMakeFiles/cmTC_df5f7.dir/build
make[1]: Entering directory '/home/morpheus/src/repos/BingoChado/GeorgeLink/client/target/debug/build/fltk-sys-c5ccceb078dc21ed/out/build/CMakeFiles/CMakeTmp'
Building C object CMakeFiles/cmTC_df5f7.dir/CheckFunctionExists.c.o
/usr/bin/cc   -ffunction-sections -fdata-sections -fPIC -m64 -DCHECK_FUNCTION_EXISTS=XOpenDisplay -o CMakeFiles/cmTC_df5f7.dir/CheckFunctionExists.c.o -c /usr/share/cmake/Modules/CheckFunctionExists.c
Linking C executable cmTC_df5f7
/usr/bin/cmake -E cmake_link_script CMakeFiles/cmTC_df5f7.dir/link.txt --verbose=1
/usr/bin/cc  -ffunction-sections -fdata-sections -fPIC -m64 -DCHECK_FUNCTION_EXISTS=XOpenDisplay -rdynamic CMakeFiles/cmTC_df5f7.dir/CheckFunctionExists.c.o -o cmTC_df5f7  /usr/lib/libX11.so /usr/lib/libXext.so 
make[1]: Leaving directory '/home/morpheus/src/repos/BingoChado/GeorgeLink/client/target/debug/build/fltk-sys-c5ccceb078dc21ed/out/build/CMakeFiles/CMakeTmp'



Determining if the function gethostbyname exists passed with the following output:
Change Dir: /home/morpheus/src/repos/BingoChado/GeorgeLink/client/target/debug/build/fltk-sys-c5ccceb078dc21ed/out/build/CMakeFiles/CMakeTmp

Run Build Command(s):/usr/bin/make -f Makefile cmTC_a79fb/fast && /usr/bin/make  -f CMakeFiles/cmTC_a79fb.dir/build.make CMakeFiles/cmTC_a79fb.dir/build
make[1]: Entering directory '/home/morpheus/src/repos/BingoChado/GeorgeLink/client/target/debug/build/fltk-sys-c5ccceb078dc21ed/out/build/CMakeFiles/CMakeTmp'
Building C object CMakeFiles/cmTC_a79fb.dir/CheckFunctionExists.c.o
/usr/bin/cc   -ffunction-sections -fdata-sections -fPIC -m64 -DCHECK_FUNCTION_EXISTS=gethostbyname -o CMakeFiles/cmTC_a79fb.dir/CheckFunctionExists.c.o -c /usr/share/cmake/Modules/CheckFunctionExists.c
Linking C executable cmTC_a79fb
/usr/bin/cmake -E cmake_link_script CMakeFiles/cmTC_a79fb.dir/link.txt --verbose=1
/usr/bin/cc  -ffunction-sections -fdata-sections -fPIC -m64 -DCHECK_FUNCTION_EXISTS=gethostbyname -rdynamic CMakeFiles/cmTC_a79fb.dir/CheckFunctionExists.c.o -o cmTC_a79fb 
make[1]: Leaving directory '/home/morpheus/src/repos/BingoChado/GeorgeLink/client/target/debug/build/fltk-sys-c5ccceb078dc21ed/out/build/CMakeFiles/CMakeTmp'



Determining if the function connect exists passed with the following output:
Change Dir: /home/morpheus/src/repos/BingoChado/GeorgeLink/client/target/debug/build/fltk-sys-c5ccceb078dc21ed/out/build/CMakeFiles/CMakeTmp

Run Build Command(s):/usr/bin/make -f Makefile cmTC_dffb4/fast && /usr/bin/make  -f CMakeFiles/cmTC_dffb4.dir/build.make CMakeFiles/cmTC_dffb4.dir/build
make[1]: Entering directory '/home/morpheus/src/repos/BingoChado/GeorgeLink/client/target/debug/build/fltk-sys-c5ccceb078dc21ed/out/build/CMakeFiles/CMakeTmp'
Building C object CMakeFiles/cmTC_dffb4.dir/CheckFunctionExists.c.o
/usr/bin/cc   -ffunction-sections -fdata-sections -fPIC -m64 -DCHECK_FUNCTION_EXISTS=connect -o CMakeFiles/cmTC_dffb4.dir/CheckFunctionExists.c.o -c /usr/share/cmake/Modules/CheckFunctionExists.c
Linking C executable cmTC_dffb4
/usr/bin/cmake -E cmake_link_script CMakeFiles/cmTC_dffb4.dir/link.txt --verbose=1
/usr/bin/cc  -ffunction-sections -fdata-sections -fPIC -m64 -DCHECK_FUNCTION_EXISTS=connect -rdynamic CMakeFiles/cmTC_dffb4.dir/CheckFunctionExists.c.o -o cmTC_dffb4 
make[1]: Leaving directory '/home/morpheus/src/repos/BingoChado/GeorgeLink/client/target/debug/build/fltk-sys-c5ccceb078dc21ed/out/build/CMakeFiles/CMakeTmp'



Determining if the function remove exists passed with the following output:
Change Dir: /home/morpheus/src/repos/BingoChado/GeorgeLink/client/target/debug/build/fltk-sys-c5ccceb078dc21ed/out/build/CMakeFiles/CMakeTmp

Run Build Command(s):/usr/bin/make -f Makefile cmTC_d5809/fast && /usr/bin/make  -f CMakeFiles/cmTC_d5809.dir/build.make CMakeFiles/cmTC_d5809.dir/build
make[1]: Entering directory '/home/morpheus/src/repos/BingoChado/GeorgeLink/client/target/debug/build/fltk-sys-c5ccceb078dc21ed/out/build/CMakeFiles/CMakeTmp'
Building C object CMakeFiles/cmTC_d5809.dir/CheckFunctionExists.c.o
/usr/bin/cc   -ffunction-sections -fdata-sections -fPIC -m64 -DCHECK_FUNCTION_EXISTS=remove -o CMakeFiles/cmTC_d5809.dir/CheckFunctionExists.c.o -c /usr/share/cmake/Modules/CheckFunctionExists.c
Linking C executable cmTC_d5809
/usr/bin/cmake -E cmake_link_script CMakeFiles/cmTC_d5809.dir/link.txt --verbose=1
/usr/bin/cc  -ffunction-sections -fdata-sections -fPIC -m64 -DCHECK_FUNCTION_EXISTS=remove -rdynamic CMakeFiles/cmTC_d5809.dir/CheckFunctionExists.c.o -o cmTC_d5809 
make[1]: Leaving directory '/home/morpheus/src/repos/BingoChado/GeorgeLink/client/target/debug/build/fltk-sys-c5ccceb078dc21ed/out/build/CMakeFiles/CMakeTmp'



Determining if the function shmat exists passed with the following output:
Change Dir: /home/morpheus/src/repos/BingoChado/GeorgeLink/client/target/debug/build/fltk-sys-c5ccceb078dc21ed/out/build/CMakeFiles/CMakeTmp

Run Build Command(s):/usr/bin/make -f Makefile cmTC_91075/fast && /usr/bin/make  -f CMakeFiles/cmTC_91075.dir/build.make CMakeFiles/cmTC_91075.dir/build
make[1]: Entering directory '/home/morpheus/src/repos/BingoChado/GeorgeLink/client/target/debug/build/fltk-sys-c5ccceb078dc21ed/out/build/CMakeFiles/CMakeTmp'
Building C object CMakeFiles/cmTC_91075.dir/CheckFunctionExists.c.o
/usr/bin/cc   -ffunction-sections -fdata-sections -fPIC -m64 -DCHECK_FUNCTION_EXISTS=shmat -o CMakeFiles/cmTC_91075.dir/CheckFunctionExists.c.o -c /usr/share/cmake/Modules/CheckFunctionExists.c
Linking C executable cmTC_91075
/usr/bin/cmake -E cmake_link_script CMakeFiles/cmTC_91075.dir/link.txt --verbose=1
/usr/bin/cc  -ffunction-sections -fdata-sections -fPIC -m64 -DCHECK_FUNCTION_EXISTS=shmat -rdynamic CMakeFiles/cmTC_91075.dir/CheckFunctionExists.c.o -o cmTC_91075 
make[1]: Leaving directory '/home/morpheus/src/repos/BingoChado/GeorgeLink/client/target/debug/build/fltk-sys-c5ccceb078dc21ed/out/build/CMakeFiles/CMakeTmp'



Determining if the function IceConnectionNumber exists in the ICE passed with the following output:
Change Dir: /home/morpheus/src/repos/BingoChado/GeorgeLink/client/target/debug/build/fltk-sys-c5ccceb078dc21ed/out/build/CMakeFiles/CMakeTmp

Run Build Command(s):/usr/bin/make -f Makefile cmTC_89241/fast && /usr/bin/make  -f CMakeFiles/cmTC_89241.dir/build.make CMakeFiles/cmTC_89241.dir/build
make[1]: Entering directory '/home/morpheus/src/repos/BingoChado/GeorgeLink/client/target/debug/build/fltk-sys-c5ccceb078dc21ed/out/build/CMakeFiles/CMakeTmp'
Building C object CMakeFiles/cmTC_89241.dir/CheckFunctionExists.c.o
/usr/bin/cc   -ffunction-sections -fdata-sections -fPIC -m64 -DCHECK_FUNCTION_EXISTS=IceConnectionNumber -o CMakeFiles/cmTC_89241.dir/CheckFunctionExists.c.o -c /usr/share/cmake/Modules/CheckFunctionExists.c
Linking C executable cmTC_89241
/usr/bin/cmake -E cmake_link_script CMakeFiles/cmTC_89241.dir/link.txt --verbose=1
/usr/bin/cc  -ffunction-sections -fdata-sections -fPIC -m64 -DCHECK_FUNCTION_EXISTS=IceConnectionNumber -rdynamic CMakeFiles/cmTC_89241.dir/CheckFunctionExists.c.o -o cmTC_89241  -lICE 
make[1]: Leaving directory '/home/morpheus/src/repos/BingoChado/GeorgeLink/client/target/debug/build/fltk-sys-c5ccceb078dc21ed/out/build/CMakeFiles/CMakeTmp'



Performing C SOURCE FILE Test CMAKE_HAVE_LIBC_PTHREAD succeeded with the following output:
Change Dir: /home/morpheus/src/repos/BingoChado/GeorgeLink/client/target/debug/build/fltk-sys-c5ccceb078dc21ed/out/build/CMakeFiles/CMakeTmp

Run Build Command(s):/usr/bin/make -f Makefile cmTC_fd1ad/fast && /usr/bin/make  -f CMakeFiles/cmTC_fd1ad.dir/build.make CMakeFiles/cmTC_fd1ad.dir/build
make[1]: Entering directory '/home/morpheus/src/repos/BingoChado/GeorgeLink/client/target/debug/build/fltk-sys-c5ccceb078dc21ed/out/build/CMakeFiles/CMakeTmp'
Building C object CMakeFiles/cmTC_fd1ad.dir/src.c.o
/usr/bin/cc -DCMAKE_HAVE_LIBC_PTHREAD  -ffunction-sections -fdata-sections -fPIC -m64  -o CMakeFiles/cmTC_fd1ad.dir/src.c.o -c /home/morpheus/src/repos/BingoChado/GeorgeLink/client/target/debug/build/fltk-sys-c5ccceb078dc21ed/out/build/CMakeFiles/CMakeTmp/src.c
Linking C executable cmTC_fd1ad
/usr/bin/cmake -E cmake_link_script CMakeFiles/cmTC_fd1ad.dir/link.txt --verbose=1
/usr/bin/cc  -ffunction-sections -fdata-sections -fPIC -m64  -rdynamic CMakeFiles/cmTC_fd1ad.dir/src.c.o -o cmTC_fd1ad 
make[1]: Leaving directory '/home/morpheus/src/repos/BingoChado/GeorgeLink/client/target/debug/build/fltk-sys-c5ccceb078dc21ed/out/build/CMakeFiles/CMakeTmp'


Source file was:
#include <pthread.h>

static void* test_func(void* data)
{
  return data;
}

int main(void)
{
  pthread_t thread;
  pthread_create(&thread, NULL, test_func, NULL);
  pthread_detach(thread);
  pthread_cancel(thread);
  pthread_join(thread, NULL);
  pthread_atfork(NULL, NULL, NULL);
  pthread_exit(NULL);

  return 0;
}

